The target system is: Generic -  - armv7
The host system is: Linux - 5.15.167.4-microsoft-standard-WSL2 - x86_64
Checking whether the ASM compiler is GNU using "--version" matched "(GNU assembler)|(GCC)|(Free Software Foundation)":
arm-none-eabi-gcc (Arm GNU Toolchain 14.2.Rel1 (Build arm-14.52)) 14.2.1 20241119
Copyright (C) 2024 Free Software Foundation, Inc.
This is free software; see the source for copying conditions.  There is NO
warranty; not even for MERCHANTABILITY or FITNESS FOR A PARTICULAR PURPOSE.

Compiling the C compiler identification source file "CMakeCCompilerId.c" succeeded.
Compiler: /opt/gcc-arm-none-eabi/arm-gnu-toolchain-14.2.rel1-x86_64-arm-none-eabi/bin/arm-none-eabi-gcc 
Build flags: -mcpu=cortex-m7;-mthumb;-ffreestanding;-fno-builtin;-DSTM32H743xx;-DUSE_HAL_DRIVER;-O0
Id flags: -c 

The output was:
0


Compilation of the C compiler identification source "CMakeCCompilerId.c" produced "CMakeCCompilerId.o"

The C compiler identification is GNU, found in "/workspace/LED/build/CMakeFiles/3.22.1/CompilerIdC/CMakeCCompilerId.o"

Detecting C compiler ABI info compiled with the following output:
Change Dir: /workspace/LED/build/CMakeFiles/CMakeTmp

Run Build Command(s):/usr/bin/gmake -f Makefile cmTC_8b0bc/fast && /usr/bin/gmake  -f CMakeFiles/cmTC_8b0bc.dir/build.make CMakeFiles/cmTC_8b0bc.dir/build
gmake[1]: Entering directory '/workspace/LED/build/CMakeFiles/CMakeTmp'
Building C object CMakeFiles/cmTC_8b0bc.dir/CMakeCCompilerABI.c.obj
/opt/gcc-arm-none-eabi/arm-gnu-toolchain-14.2.rel1-x86_64-arm-none-eabi/bin/arm-none-eabi-gcc   -mcpu=cortex-m7 -mthumb -ffreestanding -fno-builtin -DSTM32H743xx -DUSE_HAL_DRIVER -O0    -v -std=gnu99 -o CMakeFiles/cmTC_8b0bc.dir/CMakeCCompilerABI.c.obj -c /usr/share/cmake-3.22/Modules/CMakeCCompilerABI.c
Using built-in specs.
COLLECT_GCC=/opt/gcc-arm-none-eabi/arm-gnu-toolchain-14.2.rel1-x86_64-arm-none-eabi/bin/arm-none-eabi-gcc
Target: arm-none-eabi
Configured with: /data/jenkins/workspace/GNU-toolchain/arm-14/src/gcc/configure --target=arm-none-eabi --prefix=/data/jenkins/workspace/GNU-toolchain/arm-14/build-arm-none-eabi/install --with-gmp=/data/jenkins/workspace/GNU-toolchain/arm-14/build-arm-none-eabi/host-tools --with-mpfr=/data/jenkins/workspace/GNU-toolchain/arm-14/build-arm-none-eabi/host-tools --with-mpc=/data/jenkins/workspace/GNU-toolchain/arm-14/build-arm-none-eabi/host-tools --with-isl=/data/jenkins/workspace/GNU-toolchain/arm-14/build-arm-none-eabi/host-tools --disable-shared --disable-nls --disable-threads --disable-tls --enable-checking=release --enable-languages=c,c++,fortran --with-newlib --with-gnu-as --with-headers=yes --with-gnu-ld --with-native-system-header-dir=/include --with-sysroot=/data/jenkins/workspace/GNU-toolchain/arm-14/build-arm-none-eabi/install/arm-none-eabi --with-bugurl=https://bugs.linaro.org/ --with-multilib-list=aprofile,rmprofile --with-pkgversion='Arm GNU Toolchain 14.2.Rel1 (Build arm-14.52)'
Thread model: single
Supported LTO compression algorithms: zlib zstd
gcc version 14.2.1 20241119 (Arm GNU Toolchain 14.2.Rel1 (Build arm-14.52)) 
COLLECT_GCC_OPTIONS='-mcpu=cortex-m7' '-mthumb' '-ffreestanding' '-fno-builtin' '-D' 'STM32H743xx' '-D' 'USE_HAL_DRIVER' '-O0' '-v' '-std=gnu99' '-o' 'CMakeFiles/cmTC_8b0bc.dir/CMakeCCompilerABI.c.obj' '-c' '-mfloat-abi=soft' '-mlibarch=armv7e-m' '-march=armv7e-m' '-dumpdir' 'CMakeFiles/cmTC_8b0bc.dir/'
 /opt/gcc-arm-none-eabi/arm-gnu-toolchain-14.2.rel1-x86_64-arm-none-eabi/bin/../libexec/gcc/arm-none-eabi/14.2.1/cc1 -quiet -v -imultilib thumb/v7e-m/nofp -iprefix /opt/gcc-arm-none-eabi/arm-gnu-toolchain-14.2.rel1-x86_64-arm-none-eabi/bin/../lib/gcc/arm-none-eabi/14.2.1/ -isysroot /opt/gcc-arm-none-eabi/arm-gnu-toolchain-14.2.rel1-x86_64-arm-none-eabi/bin/../arm-none-eabi -D__USES_INITFINI__ -D STM32H743xx -D USE_HAL_DRIVER /usr/share/cmake-3.22/Modules/CMakeCCompilerABI.c -quiet -dumpdir CMakeFiles/cmTC_8b0bc.dir/ -dumpbase CMakeCCompilerABI.c.c -dumpbase-ext .c -mcpu=cortex-m7 -mthumb -mfloat-abi=soft -mlibarch=armv7e-m -march=armv7e-m -O0 -std=gnu99 -version -ffreestanding -fno-builtin -o /tmp/cciAWnFT.s
GNU C99 (Arm GNU Toolchain 14.2.Rel1 (Build arm-14.52)) version 14.2.1 20241119 (arm-none-eabi)
	compiled by GNU C version 9.2.1 20191120 (Red Hat 9.2.1-2), GMP version 6.2.1, MPFR version 3.1.6, MPC version 1.0.3, isl version isl-0.15-1-g835ea3a-GMP

GGC heuristics: --param ggc-min-expand=100 --param ggc-min-heapsize=131072
ignoring duplicate directory "/opt/gcc-arm-none-eabi/arm-gnu-toolchain-14.2.rel1-x86_64-arm-none-eabi/bin/../lib/gcc/../../lib/gcc/arm-none-eabi/14.2.1/include"
ignoring nonexistent directory "/opt/gcc-arm-none-eabi/arm-gnu-toolchain-14.2.rel1-x86_64-arm-none-eabi/bin/../arm-none-eabi/usr/local/include"
ignoring duplicate directory "/opt/gcc-arm-none-eabi/arm-gnu-toolchain-14.2.rel1-x86_64-arm-none-eabi/bin/../lib/gcc/../../lib/gcc/arm-none-eabi/14.2.1/include-fixed"
ignoring duplicate directory "/opt/gcc-arm-none-eabi/arm-gnu-toolchain-14.2.rel1-x86_64-arm-none-eabi/bin/../lib/gcc/../../lib/gcc/arm-none-eabi/14.2.1/../../../../arm-none-eabi/include"
ignoring duplicate directory "/opt/gcc-arm-none-eabi/arm-gnu-toolchain-14.2.rel1-x86_64-arm-none-eabi/bin/../arm-none-eabi/include"
#include "..." search starts here:
#include <...> search starts here:
 /opt/gcc-arm-none-eabi/arm-gnu-toolchain-14.2.rel1-x86_64-arm-none-eabi/bin/../lib/gcc/arm-none-eabi/14.2.1/include
 /opt/gcc-arm-none-eabi/arm-gnu-toolchain-14.2.rel1-x86_64-arm-none-eabi/bin/../lib/gcc/arm-none-eabi/14.2.1/include-fixed
 /opt/gcc-arm-none-eabi/arm-gnu-toolchain-14.2.rel1-x86_64-arm-none-eabi/bin/../lib/gcc/arm-none-eabi/14.2.1/../../../../arm-none-eabi/include
End of search list.
Compiler executable checksum: e89038eedc6170daa7e4ecd67cd2deb0
COLLECT_GCC_OPTIONS='-mcpu=cortex-m7' '-mthumb' '-ffreestanding' '-fno-builtin' '-D' 'STM32H743xx' '-D' 'USE_HAL_DRIVER' '-O0' '-v' '-std=gnu99' '-o' 'CMakeFiles/cmTC_8b0bc.dir/CMakeCCompilerABI.c.obj' '-c' '-mfloat-abi=soft' '-mlibarch=armv7e-m' '-march=armv7e-m' '-dumpdir' 'CMakeFiles/cmTC_8b0bc.dir/'
 /opt/gcc-arm-none-eabi/arm-gnu-toolchain-14.2.rel1-x86_64-arm-none-eabi/bin/../lib/gcc/arm-none-eabi/14.2.1/../../../../arm-none-eabi/bin/as -v -march=armv7e-m -mfloat-abi=soft -meabi=5 -o CMakeFiles/cmTC_8b0bc.dir/CMakeCCompilerABI.c.obj /tmp/cciAWnFT.s
GNU assembler version 2.43.1 (arm-none-eabi) using BFD version (Arm GNU Toolchain 14.2.Rel1 (Build arm-14.52)) 2.43.1.20241119
COMPILER_PATH=/opt/gcc-arm-none-eabi/arm-gnu-toolchain-14.2.rel1-x86_64-arm-none-eabi/bin/../libexec/gcc/arm-none-eabi/14.2.1/:/opt/gcc-arm-none-eabi/arm-gnu-toolchain-14.2.rel1-x86_64-arm-none-eabi/bin/../libexec/gcc/:/opt/gcc-arm-none-eabi/arm-gnu-toolchain-14.2.rel1-x86_64-arm-none-eabi/bin/../lib/gcc/arm-none-eabi/14.2.1/../../../../arm-none-eabi/bin/
LIBRARY_PATH=/opt/gcc-arm-none-eabi/arm-gnu-toolchain-14.2.rel1-x86_64-arm-none-eabi/bin/../lib/gcc/arm-none-eabi/14.2.1/thumb/v7e-m/nofp/:/opt/gcc-arm-none-eabi/arm-gnu-toolchain-14.2.rel1-x86_64-arm-none-eabi/bin/../lib/gcc/arm-none-eabi/14.2.1/../../../../arm-none-eabi/lib/thumb/v7e-m/nofp/:/opt/gcc-arm-none-eabi/arm-gnu-toolchain-14.2.rel1-x86_64-arm-none-eabi/bin/../arm-none-eabi/lib/thumb/v7e-m/nofp/:/opt/gcc-arm-none-eabi/arm-gnu-toolchain-14.2.rel1-x86_64-arm-none-eabi/bin/../lib/gcc/arm-none-eabi/14.2.1/:/opt/gcc-arm-none-eabi/arm-gnu-toolchain-14.2.rel1-x86_64-arm-none-eabi/bin/../lib/gcc/:/opt/gcc-arm-none-eabi/arm-gnu-toolchain-14.2.rel1-x86_64-arm-none-eabi/bin/../lib/gcc/arm-none-eabi/14.2.1/../../../../arm-none-eabi/lib/:/opt/gcc-arm-none-eabi/arm-gnu-toolchain-14.2.rel1-x86_64-arm-none-eabi/bin/../arm-none-eabi/lib/
COLLECT_GCC_OPTIONS='-mcpu=cortex-m7' '-mthumb' '-ffreestanding' '-fno-builtin' '-D' 'STM32H743xx' '-D' 'USE_HAL_DRIVER' '-O0' '-v' '-std=gnu99' '-o' 'CMakeFiles/cmTC_8b0bc.dir/CMakeCCompilerABI.c.obj' '-c' '-mfloat-abi=soft' '-mlibarch=armv7e-m' '-march=armv7e-m' '-dumpdir' 'CMakeFiles/cmTC_8b0bc.dir/CMakeCCompilerABI.c.'
Linking C static library libcmTC_8b0bc.a
/usr/bin/cmake -P CMakeFiles/cmTC_8b0bc.dir/cmake_clean_target.cmake
/usr/bin/cmake -E cmake_link_script CMakeFiles/cmTC_8b0bc.dir/link.txt --verbose=1
/opt/gcc-arm-none-eabi/arm-gnu-toolchain-14.2.rel1-x86_64-arm-none-eabi/bin/arm-none-eabi-ar qc libcmTC_8b0bc.a CMakeFiles/cmTC_8b0bc.dir/CMakeCCompilerABI.c.obj
/opt/gcc-arm-none-eabi/arm-gnu-toolchain-14.2.rel1-x86_64-arm-none-eabi/bin/arm-none-eabi-ranlib libcmTC_8b0bc.a
gmake[1]: Leaving directory '/workspace/LED/build/CMakeFiles/CMakeTmp'



Parsed C implicit include dir info from above output: rv=done
  found start of include info
  found start of implicit include info
    add: [/opt/gcc-arm-none-eabi/arm-gnu-toolchain-14.2.rel1-x86_64-arm-none-eabi/bin/../lib/gcc/arm-none-eabi/14.2.1/include]
    add: [/opt/gcc-arm-none-eabi/arm-gnu-toolchain-14.2.rel1-x86_64-arm-none-eabi/bin/../lib/gcc/arm-none-eabi/14.2.1/include-fixed]
    add: [/opt/gcc-arm-none-eabi/arm-gnu-toolchain-14.2.rel1-x86_64-arm-none-eabi/bin/../lib/gcc/arm-none-eabi/14.2.1/../../../../arm-none-eabi/include]
  end of search list found
  collapse include dir [/opt/gcc-arm-none-eabi/arm-gnu-toolchain-14.2.rel1-x86_64-arm-none-eabi/bin/../lib/gcc/arm-none-eabi/14.2.1/include] ==> [/opt/gcc-arm-none-eabi/arm-gnu-toolchain-14.2.rel1-x86_64-arm-none-eabi/lib/gcc/arm-none-eabi/14.2.1/include]
  collapse include dir [/opt/gcc-arm-none-eabi/arm-gnu-toolchain-14.2.rel1-x86_64-arm-none-eabi/bin/../lib/gcc/arm-none-eabi/14.2.1/include-fixed] ==> [/opt/gcc-arm-none-eabi/arm-gnu-toolchain-14.2.rel1-x86_64-arm-none-eabi/lib/gcc/arm-none-eabi/14.2.1/include-fixed]
  collapse include dir [/opt/gcc-arm-none-eabi/arm-gnu-toolchain-14.2.rel1-x86_64-arm-none-eabi/bin/../lib/gcc/arm-none-eabi/14.2.1/../../../../arm-none-eabi/include] ==> [/opt/gcc-arm-none-eabi/arm-gnu-toolchain-14.2.rel1-x86_64-arm-none-eabi/arm-none-eabi/include]
  implicit include dirs: [/opt/gcc-arm-none-eabi/arm-gnu-toolchain-14.2.rel1-x86_64-arm-none-eabi/lib/gcc/arm-none-eabi/14.2.1/include;/opt/gcc-arm-none-eabi/arm-gnu-toolchain-14.2.rel1-x86_64-arm-none-eabi/lib/gcc/arm-none-eabi/14.2.1/include-fixed;/opt/gcc-arm-none-eabi/arm-gnu-toolchain-14.2.rel1-x86_64-arm-none-eabi/arm-none-eabi/include]


Parsed C implicit link information from above output:
  link line regex: [^( *|.*[/\])(arm-none-eabi-ld|CMAKE_LINK_STARTFILE-NOTFOUND|([^/\]+-)?ld|collect2)[^/\]*( |$)]
  ignore line: [Change Dir: /workspace/LED/build/CMakeFiles/CMakeTmp]
  ignore line: []
  ignore line: [Run Build Command(s):/usr/bin/gmake -f Makefile cmTC_8b0bc/fast && /usr/bin/gmake  -f CMakeFiles/cmTC_8b0bc.dir/build.make CMakeFiles/cmTC_8b0bc.dir/build]
  ignore line: [gmake[1]: Entering directory '/workspace/LED/build/CMakeFiles/CMakeTmp']
  ignore line: [Building C object CMakeFiles/cmTC_8b0bc.dir/CMakeCCompilerABI.c.obj]
  ignore line: [/opt/gcc-arm-none-eabi/arm-gnu-toolchain-14.2.rel1-x86_64-arm-none-eabi/bin/arm-none-eabi-gcc   -mcpu=cortex-m7 -mthumb -ffreestanding -fno-builtin -DSTM32H743xx -DUSE_HAL_DRIVER -O0    -v -std=gnu99 -o CMakeFiles/cmTC_8b0bc.dir/CMakeCCompilerABI.c.obj -c /usr/share/cmake-3.22/Modules/CMakeCCompilerABI.c]
  ignore line: [Using built-in specs.]
  ignore line: [COLLECT_GCC=/opt/gcc-arm-none-eabi/arm-gnu-toolchain-14.2.rel1-x86_64-arm-none-eabi/bin/arm-none-eabi-gcc]
  ignore line: [Target: arm-none-eabi]
  ignore line: [Configured with: /data/jenkins/workspace/GNU-toolchain/arm-14/src/gcc/configure --target=arm-none-eabi --prefix=/data/jenkins/workspace/GNU-toolchain/arm-14/build-arm-none-eabi/install --with-gmp=/data/jenkins/workspace/GNU-toolchain/arm-14/build-arm-none-eabi/host-tools --with-mpfr=/data/jenkins/workspace/GNU-toolchain/arm-14/build-arm-none-eabi/host-tools --with-mpc=/data/jenkins/workspace/GNU-toolchain/arm-14/build-arm-none-eabi/host-tools --with-isl=/data/jenkins/workspace/GNU-toolchain/arm-14/build-arm-none-eabi/host-tools --disable-shared --disable-nls --disable-threads --disable-tls --enable-checking=release --enable-languages=c,c++,fortran --with-newlib --with-gnu-as --with-headers=yes --with-gnu-ld --with-native-system-header-dir=/include --with-sysroot=/data/jenkins/workspace/GNU-toolchain/arm-14/build-arm-none-eabi/install/arm-none-eabi --with-bugurl=https://bugs.linaro.org/ --with-multilib-list=aprofile,rmprofile --with-pkgversion='Arm GNU Toolchain 14.2.Rel1 (Build arm-14.52)']
  ignore line: [Thread model: single]
  ignore line: [Supported LTO compression algorithms: zlib zstd]
  ignore line: [gcc version 14.2.1 20241119 (Arm GNU Toolchain 14.2.Rel1 (Build arm-14.52)) ]
  ignore line: [COLLECT_GCC_OPTIONS='-mcpu=cortex-m7' '-mthumb' '-ffreestanding' '-fno-builtin' '-D' 'STM32H743xx' '-D' 'USE_HAL_DRIVER' '-O0' '-v' '-std=gnu99' '-o' 'CMakeFiles/cmTC_8b0bc.dir/CMakeCCompilerABI.c.obj' '-c' '-mfloat-abi=soft' '-mlibarch=armv7e-m' '-march=armv7e-m' '-dumpdir' 'CMakeFiles/cmTC_8b0bc.dir/']
  ignore line: [ /opt/gcc-arm-none-eabi/arm-gnu-toolchain-14.2.rel1-x86_64-arm-none-eabi/bin/../libexec/gcc/arm-none-eabi/14.2.1/cc1 -quiet -v -imultilib thumb/v7e-m/nofp -iprefix /opt/gcc-arm-none-eabi/arm-gnu-toolchain-14.2.rel1-x86_64-arm-none-eabi/bin/../lib/gcc/arm-none-eabi/14.2.1/ -isysroot /opt/gcc-arm-none-eabi/arm-gnu-toolchain-14.2.rel1-x86_64-arm-none-eabi/bin/../arm-none-eabi -D__USES_INITFINI__ -D STM32H743xx -D USE_HAL_DRIVER /usr/share/cmake-3.22/Modules/CMakeCCompilerABI.c -quiet -dumpdir CMakeFiles/cmTC_8b0bc.dir/ -dumpbase CMakeCCompilerABI.c.c -dumpbase-ext .c -mcpu=cortex-m7 -mthumb -mfloat-abi=soft -mlibarch=armv7e-m -march=armv7e-m -O0 -std=gnu99 -version -ffreestanding -fno-builtin -o /tmp/cciAWnFT.s]
  ignore line: [GNU C99 (Arm GNU Toolchain 14.2.Rel1 (Build arm-14.52)) version 14.2.1 20241119 (arm-none-eabi)]
  ignore line: [	compiled by GNU C version 9.2.1 20191120 (Red Hat 9.2.1-2)  GMP version 6.2.1  MPFR version 3.1.6  MPC version 1.0.3  isl version isl-0.15-1-g835ea3a-GMP]
  ignore line: []
  ignore line: [GGC heuristics: --param ggc-min-expand=100 --param ggc-min-heapsize=131072]
  ignore line: [ignoring duplicate directory "/opt/gcc-arm-none-eabi/arm-gnu-toolchain-14.2.rel1-x86_64-arm-none-eabi/bin/../lib/gcc/../../lib/gcc/arm-none-eabi/14.2.1/include"]
  ignore line: [ignoring nonexistent directory "/opt/gcc-arm-none-eabi/arm-gnu-toolchain-14.2.rel1-x86_64-arm-none-eabi/bin/../arm-none-eabi/usr/local/include"]
  ignore line: [ignoring duplicate directory "/opt/gcc-arm-none-eabi/arm-gnu-toolchain-14.2.rel1-x86_64-arm-none-eabi/bin/../lib/gcc/../../lib/gcc/arm-none-eabi/14.2.1/include-fixed"]
  ignore line: [ignoring duplicate directory "/opt/gcc-arm-none-eabi/arm-gnu-toolchain-14.2.rel1-x86_64-arm-none-eabi/bin/../lib/gcc/../../lib/gcc/arm-none-eabi/14.2.1/../../../../arm-none-eabi/include"]
  ignore line: [ignoring duplicate directory "/opt/gcc-arm-none-eabi/arm-gnu-toolchain-14.2.rel1-x86_64-arm-none-eabi/bin/../arm-none-eabi/include"]
  ignore line: [#include "..." search starts here:]
  ignore line: [#include <...> search starts here:]
  ignore line: [ /opt/gcc-arm-none-eabi/arm-gnu-toolchain-14.2.rel1-x86_64-arm-none-eabi/bin/../lib/gcc/arm-none-eabi/14.2.1/include]
  ignore line: [ /opt/gcc-arm-none-eabi/arm-gnu-toolchain-14.2.rel1-x86_64-arm-none-eabi/bin/../lib/gcc/arm-none-eabi/14.2.1/include-fixed]
  ignore line: [ /opt/gcc-arm-none-eabi/arm-gnu-toolchain-14.2.rel1-x86_64-arm-none-eabi/bin/../lib/gcc/arm-none-eabi/14.2.1/../../../../arm-none-eabi/include]
  ignore line: [End of search list.]
  ignore line: [Compiler executable checksum: e89038eedc6170daa7e4ecd67cd2deb0]
  ignore line: [COLLECT_GCC_OPTIONS='-mcpu=cortex-m7' '-mthumb' '-ffreestanding' '-fno-builtin' '-D' 'STM32H743xx' '-D' 'USE_HAL_DRIVER' '-O0' '-v' '-std=gnu99' '-o' 'CMakeFiles/cmTC_8b0bc.dir/CMakeCCompilerABI.c.obj' '-c' '-mfloat-abi=soft' '-mlibarch=armv7e-m' '-march=armv7e-m' '-dumpdir' 'CMakeFiles/cmTC_8b0bc.dir/']
  ignore line: [ /opt/gcc-arm-none-eabi/arm-gnu-toolchain-14.2.rel1-x86_64-arm-none-eabi/bin/../lib/gcc/arm-none-eabi/14.2.1/../../../../arm-none-eabi/bin/as -v -march=armv7e-m -mfloat-abi=soft -meabi=5 -o CMakeFiles/cmTC_8b0bc.dir/CMakeCCompilerABI.c.obj /tmp/cciAWnFT.s]
  ignore line: [GNU assembler version 2.43.1 (arm-none-eabi) using BFD version (Arm GNU Toolchain 14.2.Rel1 (Build arm-14.52)) 2.43.1.20241119]
  ignore line: [COMPILER_PATH=/opt/gcc-arm-none-eabi/arm-gnu-toolchain-14.2.rel1-x86_64-arm-none-eabi/bin/../libexec/gcc/arm-none-eabi/14.2.1/:/opt/gcc-arm-none-eabi/arm-gnu-toolchain-14.2.rel1-x86_64-arm-none-eabi/bin/../libexec/gcc/:/opt/gcc-arm-none-eabi/arm-gnu-toolchain-14.2.rel1-x86_64-arm-none-eabi/bin/../lib/gcc/arm-none-eabi/14.2.1/../../../../arm-none-eabi/bin/]
  ignore line: [LIBRARY_PATH=/opt/gcc-arm-none-eabi/arm-gnu-toolchain-14.2.rel1-x86_64-arm-none-eabi/bin/../lib/gcc/arm-none-eabi/14.2.1/thumb/v7e-m/nofp/:/opt/gcc-arm-none-eabi/arm-gnu-toolchain-14.2.rel1-x86_64-arm-none-eabi/bin/../lib/gcc/arm-none-eabi/14.2.1/../../../../arm-none-eabi/lib/thumb/v7e-m/nofp/:/opt/gcc-arm-none-eabi/arm-gnu-toolchain-14.2.rel1-x86_64-arm-none-eabi/bin/../arm-none-eabi/lib/thumb/v7e-m/nofp/:/opt/gcc-arm-none-eabi/arm-gnu-toolchain-14.2.rel1-x86_64-arm-none-eabi/bin/../lib/gcc/arm-none-eabi/14.2.1/:/opt/gcc-arm-none-eabi/arm-gnu-toolchain-14.2.rel1-x86_64-arm-none-eabi/bin/../lib/gcc/:/opt/gcc-arm-none-eabi/arm-gnu-toolchain-14.2.rel1-x86_64-arm-none-eabi/bin/../lib/gcc/arm-none-eabi/14.2.1/../../../../arm-none-eabi/lib/:/opt/gcc-arm-none-eabi/arm-gnu-toolchain-14.2.rel1-x86_64-arm-none-eabi/bin/../arm-none-eabi/lib/]
  ignore line: [COLLECT_GCC_OPTIONS='-mcpu=cortex-m7' '-mthumb' '-ffreestanding' '-fno-builtin' '-D' 'STM32H743xx' '-D' 'USE_HAL_DRIVER' '-O0' '-v' '-std=gnu99' '-o' 'CMakeFiles/cmTC_8b0bc.dir/CMakeCCompilerABI.c.obj' '-c' '-mfloat-abi=soft' '-mlibarch=armv7e-m' '-march=armv7e-m' '-dumpdir' 'CMakeFiles/cmTC_8b0bc.dir/CMakeCCompilerABI.c.']
  ignore line: [Linking C static library libcmTC_8b0bc.a]
  ignore line: [/usr/bin/cmake -P CMakeFiles/cmTC_8b0bc.dir/cmake_clean_target.cmake]
  ignore line: [/usr/bin/cmake -E cmake_link_script CMakeFiles/cmTC_8b0bc.dir/link.txt --verbose=1]
  ignore line: [/opt/gcc-arm-none-eabi/arm-gnu-toolchain-14.2.rel1-x86_64-arm-none-eabi/bin/arm-none-eabi-ar qc libcmTC_8b0bc.a CMakeFiles/cmTC_8b0bc.dir/CMakeCCompilerABI.c.obj]
  ignore line: [/opt/gcc-arm-none-eabi/arm-gnu-toolchain-14.2.rel1-x86_64-arm-none-eabi/bin/arm-none-eabi-ranlib libcmTC_8b0bc.a]
  ignore line: [gmake[1]: Leaving directory '/workspace/LED/build/CMakeFiles/CMakeTmp']
  ignore line: []
  ignore line: []
  implicit libs: []
  implicit objs: []
  implicit dirs: []
  implicit fwks: []


Compiling the CXX compiler identification source file "CMakeCXXCompilerId.cpp" succeeded.
Compiler: /opt/gcc-arm-none-eabi/arm-gnu-toolchain-14.2.rel1-x86_64-arm-none-eabi/bin/arm-none-eabi-g++ 
Build flags: -mcpu=cortex-m7;-mthumb;-ffreestanding;-fno-builtin;-DSTM32H743xx;-DUSE_HAL_DRIVER;-O0
Id flags: -c 

The output was:
0


Compilation of the CXX compiler identification source "CMakeCXXCompilerId.cpp" produced "CMakeCXXCompilerId.o"

The CXX compiler identification is GNU, found in "/workspace/LED/build/CMakeFiles/3.22.1/CompilerIdCXX/CMakeCXXCompilerId.o"

Detecting CXX compiler ABI info compiled with the following output:
Change Dir: /workspace/LED/build/CMakeFiles/CMakeTmp

Run Build Command(s):/usr/bin/gmake -f Makefile cmTC_3dec2/fast && /usr/bin/gmake  -f CMakeFiles/cmTC_3dec2.dir/build.make CMakeFiles/cmTC_3dec2.dir/build
gmake[1]: Entering directory '/workspace/LED/build/CMakeFiles/CMakeTmp'
Building CXX object CMakeFiles/cmTC_3dec2.dir/CMakeCXXCompilerABI.cpp.obj
/opt/gcc-arm-none-eabi/arm-gnu-toolchain-14.2.rel1-x86_64-arm-none-eabi/bin/arm-none-eabi-g++   -mcpu=cortex-m7 -mthumb -ffreestanding -fno-builtin -DSTM32H743xx -DUSE_HAL_DRIVER -O0    -v -std=gnu++11 -o CMakeFiles/cmTC_3dec2.dir/CMakeCXXCompilerABI.cpp.obj -c /usr/share/cmake-3.22/Modules/CMakeCXXCompilerABI.cpp
Using built-in specs.
COLLECT_GCC=/opt/gcc-arm-none-eabi/arm-gnu-toolchain-14.2.rel1-x86_64-arm-none-eabi/bin/arm-none-eabi-g++
Target: arm-none-eabi
Configured with: /data/jenkins/workspace/GNU-toolchain/arm-14/src/gcc/configure --target=arm-none-eabi --prefix=/data/jenkins/workspace/GNU-toolchain/arm-14/build-arm-none-eabi/install --with-gmp=/data/jenkins/workspace/GNU-toolchain/arm-14/build-arm-none-eabi/host-tools --with-mpfr=/data/jenkins/workspace/GNU-toolchain/arm-14/build-arm-none-eabi/host-tools --with-mpc=/data/jenkins/workspace/GNU-toolchain/arm-14/build-arm-none-eabi/host-tools --with-isl=/data/jenkins/workspace/GNU-toolchain/arm-14/build-arm-none-eabi/host-tools --disable-shared --disable-nls --disable-threads --disable-tls --enable-checking=release --enable-languages=c,c++,fortran --with-newlib --with-gnu-as --with-headers=yes --with-gnu-ld --with-native-system-header-dir=/include --with-sysroot=/data/jenkins/workspace/GNU-toolchain/arm-14/build-arm-none-eabi/install/arm-none-eabi --with-bugurl=https://bugs.linaro.org/ --with-multilib-list=aprofile,rmprofile --with-pkgversion='Arm GNU Toolchain 14.2.Rel1 (Build arm-14.52)'
Thread model: single
Supported LTO compression algorithms: zlib zstd
gcc version 14.2.1 20241119 (Arm GNU Toolchain 14.2.Rel1 (Build arm-14.52)) 
COLLECT_GCC_OPTIONS='-mcpu=cortex-m7' '-mthumb' '-ffreestanding' '-fno-builtin' '-D' 'STM32H743xx' '-D' 'USE_HAL_DRIVER' '-O0' '-v' '-std=gnu++11' '-o' 'CMakeFiles/cmTC_3dec2.dir/CMakeCXXCompilerABI.cpp.obj' '-c' '-mfloat-abi=soft' '-mlibarch=armv7e-m' '-march=armv7e-m' '-dumpdir' 'CMakeFiles/cmTC_3dec2.dir/'
 /opt/gcc-arm-none-eabi/arm-gnu-toolchain-14.2.rel1-x86_64-arm-none-eabi/bin/../libexec/gcc/arm-none-eabi/14.2.1/cc1plus -quiet -v -imultilib thumb/v7e-m/nofp -iprefix /opt/gcc-arm-none-eabi/arm-gnu-toolchain-14.2.rel1-x86_64-arm-none-eabi/bin/../lib/gcc/arm-none-eabi/14.2.1/ -isysroot /opt/gcc-arm-none-eabi/arm-gnu-toolchain-14.2.rel1-x86_64-arm-none-eabi/bin/../arm-none-eabi -D__USES_INITFINI__ -D STM32H743xx -D USE_HAL_DRIVER /usr/share/cmake-3.22/Modules/CMakeCXXCompilerABI.cpp -quiet -dumpdir CMakeFiles/cmTC_3dec2.dir/ -dumpbase CMakeCXXCompilerABI.cpp.cpp -dumpbase-ext .cpp -mcpu=cortex-m7 -mthumb -mfloat-abi=soft -mlibarch=armv7e-m -march=armv7e-m -O0 -std=gnu++11 -version -ffreestanding -fno-builtin -o /tmp/ccw8no81.s
GNU C++11 (Arm GNU Toolchain 14.2.Rel1 (Build arm-14.52)) version 14.2.1 20241119 (arm-none-eabi)
	compiled by GNU C version 9.2.1 20191120 (Red Hat 9.2.1-2), GMP version 6.2.1, MPFR version 3.1.6, MPC version 1.0.3, isl version isl-0.15-1-g835ea3a-GMP

GGC heuristics: --param ggc-min-expand=100 --param ggc-min-heapsize=131072
ignoring duplicate directory "/opt/gcc-arm-none-eabi/arm-gnu-toolchain-14.2.rel1-x86_64-arm-none-eabi/bin/../lib/gcc/../../lib/gcc/arm-none-eabi/14.2.1/../../../../arm-none-eabi/include/c++/14.2.1"
ignoring duplicate directory "/opt/gcc-arm-none-eabi/arm-gnu-toolchain-14.2.rel1-x86_64-arm-none-eabi/bin/../lib/gcc/../../lib/gcc/arm-none-eabi/14.2.1/../../../../arm-none-eabi/include/c++/14.2.1/arm-none-eabi/thumb/v7e-m/nofp"
ignoring duplicate directory "/opt/gcc-arm-none-eabi/arm-gnu-toolchain-14.2.rel1-x86_64-arm-none-eabi/bin/../lib/gcc/../../lib/gcc/arm-none-eabi/14.2.1/../../../../arm-none-eabi/include/c++/14.2.1/backward"
ignoring duplicate directory "/opt/gcc-arm-none-eabi/arm-gnu-toolchain-14.2.rel1-x86_64-arm-none-eabi/bin/../lib/gcc/../../lib/gcc/arm-none-eabi/14.2.1/include"
ignoring nonexistent directory "/opt/gcc-arm-none-eabi/arm-gnu-toolchain-14.2.rel1-x86_64-arm-none-eabi/bin/../arm-none-eabi/usr/local/include"
ignoring duplicate directory "/opt/gcc-arm-none-eabi/arm-gnu-toolchain-14.2.rel1-x86_64-arm-none-eabi/bin/../lib/gcc/../../lib/gcc/arm-none-eabi/14.2.1/include-fixed"
ignoring duplicate directory "/opt/gcc-arm-none-eabi/arm-gnu-toolchain-14.2.rel1-x86_64-arm-none-eabi/bin/../lib/gcc/../../lib/gcc/arm-none-eabi/14.2.1/../../../../arm-none-eabi/include"
ignoring duplicate directory "/opt/gcc-arm-none-eabi/arm-gnu-toolchain-14.2.rel1-x86_64-arm-none-eabi/bin/../arm-none-eabi/include"
#include "..." search starts here:
#include <...> search starts here:
 /opt/gcc-arm-none-eabi/arm-gnu-toolchain-14.2.rel1-x86_64-arm-none-eabi/bin/../lib/gcc/arm-none-eabi/14.2.1/../../../../arm-none-eabi/include/c++/14.2.1
 /opt/gcc-arm-none-eabi/arm-gnu-toolchain-14.2.rel1-x86_64-arm-none-eabi/bin/../lib/gcc/arm-none-eabi/14.2.1/../../../../arm-none-eabi/include/c++/14.2.1/arm-none-eabi/thumb/v7e-m/nofp
 /opt/gcc-arm-none-eabi/arm-gnu-toolchain-14.2.rel1-x86_64-arm-none-eabi/bin/../lib/gcc/arm-none-eabi/14.2.1/../../../../arm-none-eabi/include/c++/14.2.1/backward
 /opt/gcc-arm-none-eabi/arm-gnu-toolchain-14.2.rel1-x86_64-arm-none-eabi/bin/../lib/gcc/arm-none-eabi/14.2.1/include
 /opt/gcc-arm-none-eabi/arm-gnu-toolchain-14.2.rel1-x86_64-arm-none-eabi/bin/../lib/gcc/arm-none-eabi/14.2.1/include-fixed
 /opt/gcc-arm-none-eabi/arm-gnu-toolchain-14.2.rel1-x86_64-arm-none-eabi/bin/../lib/gcc/arm-none-eabi/14.2.1/../../../../arm-none-eabi/include
End of search list.
Compiler executable checksum: 761a3593099dc796ffc611563edb6c2e
COLLECT_GCC_OPTIONS='-mcpu=cortex-m7' '-mthumb' '-ffreestanding' '-fno-builtin' '-D' 'STM32H743xx' '-D' 'USE_HAL_DRIVER' '-O0' '-v' '-std=gnu++11' '-o' 'CMakeFiles/cmTC_3dec2.dir/CMakeCXXCompilerABI.cpp.obj' '-c' '-mfloat-abi=soft' '-mlibarch=armv7e-m' '-march=armv7e-m' '-dumpdir' 'CMakeFiles/cmTC_3dec2.dir/'
 /opt/gcc-arm-none-eabi/arm-gnu-toolchain-14.2.rel1-x86_64-arm-none-eabi/bin/../lib/gcc/arm-none-eabi/14.2.1/../../../../arm-none-eabi/bin/as -v -march=armv7e-m -mfloat-abi=soft -meabi=5 -o CMakeFiles/cmTC_3dec2.dir/CMakeCXXCompilerABI.cpp.obj /tmp/ccw8no81.s
GNU assembler version 2.43.1 (arm-none-eabi) using BFD version (Arm GNU Toolchain 14.2.Rel1 (Build arm-14.52)) 2.43.1.20241119
COMPILER_PATH=/opt/gcc-arm-none-eabi/arm-gnu-toolchain-14.2.rel1-x86_64-arm-none-eabi/bin/../libexec/gcc/arm-none-eabi/14.2.1/:/opt/gcc-arm-none-eabi/arm-gnu-toolchain-14.2.rel1-x86_64-arm-none-eabi/bin/../libexec/gcc/:/opt/gcc-arm-none-eabi/arm-gnu-toolchain-14.2.rel1-x86_64-arm-none-eabi/bin/../lib/gcc/arm-none-eabi/14.2.1/../../../../arm-none-eabi/bin/
LIBRARY_PATH=/opt/gcc-arm-none-eabi/arm-gnu-toolchain-14.2.rel1-x86_64-arm-none-eabi/bin/../lib/gcc/arm-none-eabi/14.2.1/thumb/v7e-m/nofp/:/opt/gcc-arm-none-eabi/arm-gnu-toolchain-14.2.rel1-x86_64-arm-none-eabi/bin/../lib/gcc/arm-none-eabi/14.2.1/../../../../arm-none-eabi/lib/thumb/v7e-m/nofp/:/opt/gcc-arm-none-eabi/arm-gnu-toolchain-14.2.rel1-x86_64-arm-none-eabi/bin/../arm-none-eabi/lib/thumb/v7e-m/nofp/:/opt/gcc-arm-none-eabi/arm-gnu-toolchain-14.2.rel1-x86_64-arm-none-eabi/bin/../lib/gcc/arm-none-eabi/14.2.1/:/opt/gcc-arm-none-eabi/arm-gnu-toolchain-14.2.rel1-x86_64-arm-none-eabi/bin/../lib/gcc/:/opt/gcc-arm-none-eabi/arm-gnu-toolchain-14.2.rel1-x86_64-arm-none-eabi/bin/../lib/gcc/arm-none-eabi/14.2.1/../../../../arm-none-eabi/lib/:/opt/gcc-arm-none-eabi/arm-gnu-toolchain-14.2.rel1-x86_64-arm-none-eabi/bin/../arm-none-eabi/lib/
COLLECT_GCC_OPTIONS='-mcpu=cortex-m7' '-mthumb' '-ffreestanding' '-fno-builtin' '-D' 'STM32H743xx' '-D' 'USE_HAL_DRIVER' '-O0' '-v' '-std=gnu++11' '-o' 'CMakeFiles/cmTC_3dec2.dir/CMakeCXXCompilerABI.cpp.obj' '-c' '-mfloat-abi=soft' '-mlibarch=armv7e-m' '-march=armv7e-m' '-dumpdir' 'CMakeFiles/cmTC_3dec2.dir/CMakeCXXCompilerABI.cpp.'
Linking CXX static library libcmTC_3dec2.a
/usr/bin/cmake -P CMakeFiles/cmTC_3dec2.dir/cmake_clean_target.cmake
/usr/bin/cmake -E cmake_link_script CMakeFiles/cmTC_3dec2.dir/link.txt --verbose=1
/opt/gcc-arm-none-eabi/arm-gnu-toolchain-14.2.rel1-x86_64-arm-none-eabi/bin/arm-none-eabi-ar qc libcmTC_3dec2.a CMakeFiles/cmTC_3dec2.dir/CMakeCXXCompilerABI.cpp.obj
/opt/gcc-arm-none-eabi/arm-gnu-toolchain-14.2.rel1-x86_64-arm-none-eabi/bin/arm-none-eabi-ranlib libcmTC_3dec2.a
gmake[1]: Leaving directory '/workspace/LED/build/CMakeFiles/CMakeTmp'



Parsed CXX implicit include dir info from above output: rv=done
  found start of include info
  found start of implicit include info
    add: [/opt/gcc-arm-none-eabi/arm-gnu-toolchain-14.2.rel1-x86_64-arm-none-eabi/bin/../lib/gcc/arm-none-eabi/14.2.1/../../../../arm-none-eabi/include/c++/14.2.1]
    add: [/opt/gcc-arm-none-eabi/arm-gnu-toolchain-14.2.rel1-x86_64-arm-none-eabi/bin/../lib/gcc/arm-none-eabi/14.2.1/../../../../arm-none-eabi/include/c++/14.2.1/arm-none-eabi/thumb/v7e-m/nofp]
    add: [/opt/gcc-arm-none-eabi/arm-gnu-toolchain-14.2.rel1-x86_64-arm-none-eabi/bin/../lib/gcc/arm-none-eabi/14.2.1/../../../../arm-none-eabi/include/c++/14.2.1/backward]
    add: [/opt/gcc-arm-none-eabi/arm-gnu-toolchain-14.2.rel1-x86_64-arm-none-eabi/bin/../lib/gcc/arm-none-eabi/14.2.1/include]
    add: [/opt/gcc-arm-none-eabi/arm-gnu-toolchain-14.2.rel1-x86_64-arm-none-eabi/bin/../lib/gcc/arm-none-eabi/14.2.1/include-fixed]
    add: [/opt/gcc-arm-none-eabi/arm-gnu-toolchain-14.2.rel1-x86_64-arm-none-eabi/bin/../lib/gcc/arm-none-eabi/14.2.1/../../../../arm-none-eabi/include]
  end of search list found
  collapse include dir [/opt/gcc-arm-none-eabi/arm-gnu-toolchain-14.2.rel1-x86_64-arm-none-eabi/bin/../lib/gcc/arm-none-eabi/14.2.1/../../../../arm-none-eabi/include/c++/14.2.1] ==> [/opt/gcc-arm-none-eabi/arm-gnu-toolchain-14.2.rel1-x86_64-arm-none-eabi/arm-none-eabi/include/c++/14.2.1]
  collapse include dir [/opt/gcc-arm-none-eabi/arm-gnu-toolchain-14.2.rel1-x86_64-arm-none-eabi/bin/../lib/gcc/arm-none-eabi/14.2.1/../../../../arm-none-eabi/include/c++/14.2.1/arm-none-eabi/thumb/v7e-m/nofp] ==> [/opt/gcc-arm-none-eabi/arm-gnu-toolchain-14.2.rel1-x86_64-arm-none-eabi/arm-none-eabi/include/c++/14.2.1/arm-none-eabi/thumb/v7e-m/nofp]
  collapse include dir [/opt/gcc-arm-none-eabi/arm-gnu-toolchain-14.2.rel1-x86_64-arm-none-eabi/bin/../lib/gcc/arm-none-eabi/14.2.1/../../../../arm-none-eabi/include/c++/14.2.1/backward] ==> [/opt/gcc-arm-none-eabi/arm-gnu-toolchain-14.2.rel1-x86_64-arm-none-eabi/arm-none-eabi/include/c++/14.2.1/backward]
  collapse include dir [/opt/gcc-arm-none-eabi/arm-gnu-toolchain-14.2.rel1-x86_64-arm-none-eabi/bin/../lib/gcc/arm-none-eabi/14.2.1/include] ==> [/opt/gcc-arm-none-eabi/arm-gnu-toolchain-14.2.rel1-x86_64-arm-none-eabi/lib/gcc/arm-none-eabi/14.2.1/include]
  collapse include dir [/opt/gcc-arm-none-eabi/arm-gnu-toolchain-14.2.rel1-x86_64-arm-none-eabi/bin/../lib/gcc/arm-none-eabi/14.2.1/include-fixed] ==> [/opt/gcc-arm-none-eabi/arm-gnu-toolchain-14.2.rel1-x86_64-arm-none-eabi/lib/gcc/arm-none-eabi/14.2.1/include-fixed]
  collapse include dir [/opt/gcc-arm-none-eabi/arm-gnu-toolchain-14.2.rel1-x86_64-arm-none-eabi/bin/../lib/gcc/arm-none-eabi/14.2.1/../../../../arm-none-eabi/include] ==> [/opt/gcc-arm-none-eabi/arm-gnu-toolchain-14.2.rel1-x86_64-arm-none-eabi/arm-none-eabi/include]
  implicit include dirs: [/opt/gcc-arm-none-eabi/arm-gnu-toolchain-14.2.rel1-x86_64-arm-none-eabi/arm-none-eabi/include/c++/14.2.1;/opt/gcc-arm-none-eabi/arm-gnu-toolchain-14.2.rel1-x86_64-arm-none-eabi/arm-none-eabi/include/c++/14.2.1/arm-none-eabi/thumb/v7e-m/nofp;/opt/gcc-arm-none-eabi/arm-gnu-toolchain-14.2.rel1-x86_64-arm-none-eabi/arm-none-eabi/include/c++/14.2.1/backward;/opt/gcc-arm-none-eabi/arm-gnu-toolchain-14.2.rel1-x86_64-arm-none-eabi/lib/gcc/arm-none-eabi/14.2.1/include;/opt/gcc-arm-none-eabi/arm-gnu-toolchain-14.2.rel1-x86_64-arm-none-eabi/lib/gcc/arm-none-eabi/14.2.1/include-fixed;/opt/gcc-arm-none-eabi/arm-gnu-toolchain-14.2.rel1-x86_64-arm-none-eabi/arm-none-eabi/include]


Parsed CXX implicit link information from above output:
  link line regex: [^( *|.*[/\])(arm-none-eabi-ld|CMAKE_LINK_STARTFILE-NOTFOUND|([^/\]+-)?ld|collect2)[^/\]*( |$)]
  ignore line: [Change Dir: /workspace/LED/build/CMakeFiles/CMakeTmp]
  ignore line: []
  ignore line: [Run Build Command(s):/usr/bin/gmake -f Makefile cmTC_3dec2/fast && /usr/bin/gmake  -f CMakeFiles/cmTC_3dec2.dir/build.make CMakeFiles/cmTC_3dec2.dir/build]
  ignore line: [gmake[1]: Entering directory '/workspace/LED/build/CMakeFiles/CMakeTmp']
  ignore line: [Building CXX object CMakeFiles/cmTC_3dec2.dir/CMakeCXXCompilerABI.cpp.obj]
  ignore line: [/opt/gcc-arm-none-eabi/arm-gnu-toolchain-14.2.rel1-x86_64-arm-none-eabi/bin/arm-none-eabi-g++   -mcpu=cortex-m7 -mthumb -ffreestanding -fno-builtin -DSTM32H743xx -DUSE_HAL_DRIVER -O0    -v -std=gnu++11 -o CMakeFiles/cmTC_3dec2.dir/CMakeCXXCompilerABI.cpp.obj -c /usr/share/cmake-3.22/Modules/CMakeCXXCompilerABI.cpp]
  ignore line: [Using built-in specs.]
  ignore line: [COLLECT_GCC=/opt/gcc-arm-none-eabi/arm-gnu-toolchain-14.2.rel1-x86_64-arm-none-eabi/bin/arm-none-eabi-g++]
  ignore line: [Target: arm-none-eabi]
  ignore line: [Configured with: /data/jenkins/workspace/GNU-toolchain/arm-14/src/gcc/configure --target=arm-none-eabi --prefix=/data/jenkins/workspace/GNU-toolchain/arm-14/build-arm-none-eabi/install --with-gmp=/data/jenkins/workspace/GNU-toolchain/arm-14/build-arm-none-eabi/host-tools --with-mpfr=/data/jenkins/workspace/GNU-toolchain/arm-14/build-arm-none-eabi/host-tools --with-mpc=/data/jenkins/workspace/GNU-toolchain/arm-14/build-arm-none-eabi/host-tools --with-isl=/data/jenkins/workspace/GNU-toolchain/arm-14/build-arm-none-eabi/host-tools --disable-shared --disable-nls --disable-threads --disable-tls --enable-checking=release --enable-languages=c,c++,fortran --with-newlib --with-gnu-as --with-headers=yes --with-gnu-ld --with-native-system-header-dir=/include --with-sysroot=/data/jenkins/workspace/GNU-toolchain/arm-14/build-arm-none-eabi/install/arm-none-eabi --with-bugurl=https://bugs.linaro.org/ --with-multilib-list=aprofile,rmprofile --with-pkgversion='Arm GNU Toolchain 14.2.Rel1 (Build arm-14.52)']
  ignore line: [Thread model: single]
  ignore line: [Supported LTO compression algorithms: zlib zstd]
  ignore line: [gcc version 14.2.1 20241119 (Arm GNU Toolchain 14.2.Rel1 (Build arm-14.52)) ]
  ignore line: [COLLECT_GCC_OPTIONS='-mcpu=cortex-m7' '-mthumb' '-ffreestanding' '-fno-builtin' '-D' 'STM32H743xx' '-D' 'USE_HAL_DRIVER' '-O0' '-v' '-std=gnu++11' '-o' 'CMakeFiles/cmTC_3dec2.dir/CMakeCXXCompilerABI.cpp.obj' '-c' '-mfloat-abi=soft' '-mlibarch=armv7e-m' '-march=armv7e-m' '-dumpdir' 'CMakeFiles/cmTC_3dec2.dir/']
  ignore line: [ /opt/gcc-arm-none-eabi/arm-gnu-toolchain-14.2.rel1-x86_64-arm-none-eabi/bin/../libexec/gcc/arm-none-eabi/14.2.1/cc1plus -quiet -v -imultilib thumb/v7e-m/nofp -iprefix /opt/gcc-arm-none-eabi/arm-gnu-toolchain-14.2.rel1-x86_64-arm-none-eabi/bin/../lib/gcc/arm-none-eabi/14.2.1/ -isysroot /opt/gcc-arm-none-eabi/arm-gnu-toolchain-14.2.rel1-x86_64-arm-none-eabi/bin/../arm-none-eabi -D__USES_INITFINI__ -D STM32H743xx -D USE_HAL_DRIVER /usr/share/cmake-3.22/Modules/CMakeCXXCompilerABI.cpp -quiet -dumpdir CMakeFiles/cmTC_3dec2.dir/ -dumpbase CMakeCXXCompilerABI.cpp.cpp -dumpbase-ext .cpp -mcpu=cortex-m7 -mthumb -mfloat-abi=soft -mlibarch=armv7e-m -march=armv7e-m -O0 -std=gnu++11 -version -ffreestanding -fno-builtin -o /tmp/ccw8no81.s]
  ignore line: [GNU C++11 (Arm GNU Toolchain 14.2.Rel1 (Build arm-14.52)) version 14.2.1 20241119 (arm-none-eabi)]
  ignore line: [	compiled by GNU C version 9.2.1 20191120 (Red Hat 9.2.1-2)  GMP version 6.2.1  MPFR version 3.1.6  MPC version 1.0.3  isl version isl-0.15-1-g835ea3a-GMP]
  ignore line: []
  ignore line: [GGC heuristics: --param ggc-min-expand=100 --param ggc-min-heapsize=131072]
  ignore line: [ignoring duplicate directory "/opt/gcc-arm-none-eabi/arm-gnu-toolchain-14.2.rel1-x86_64-arm-none-eabi/bin/../lib/gcc/../../lib/gcc/arm-none-eabi/14.2.1/../../../../arm-none-eabi/include/c++/14.2.1"]
  ignore line: [ignoring duplicate directory "/opt/gcc-arm-none-eabi/arm-gnu-toolchain-14.2.rel1-x86_64-arm-none-eabi/bin/../lib/gcc/../../lib/gcc/arm-none-eabi/14.2.1/../../../../arm-none-eabi/include/c++/14.2.1/arm-none-eabi/thumb/v7e-m/nofp"]
  ignore line: [ignoring duplicate directory "/opt/gcc-arm-none-eabi/arm-gnu-toolchain-14.2.rel1-x86_64-arm-none-eabi/bin/../lib/gcc/../../lib/gcc/arm-none-eabi/14.2.1/../../../../arm-none-eabi/include/c++/14.2.1/backward"]
  ignore line: [ignoring duplicate directory "/opt/gcc-arm-none-eabi/arm-gnu-toolchain-14.2.rel1-x86_64-arm-none-eabi/bin/../lib/gcc/../../lib/gcc/arm-none-eabi/14.2.1/include"]
  ignore line: [ignoring nonexistent directory "/opt/gcc-arm-none-eabi/arm-gnu-toolchain-14.2.rel1-x86_64-arm-none-eabi/bin/../arm-none-eabi/usr/local/include"]
  ignore line: [ignoring duplicate directory "/opt/gcc-arm-none-eabi/arm-gnu-toolchain-14.2.rel1-x86_64-arm-none-eabi/bin/../lib/gcc/../../lib/gcc/arm-none-eabi/14.2.1/include-fixed"]
  ignore line: [ignoring duplicate directory "/opt/gcc-arm-none-eabi/arm-gnu-toolchain-14.2.rel1-x86_64-arm-none-eabi/bin/../lib/gcc/../../lib/gcc/arm-none-eabi/14.2.1/../../../../arm-none-eabi/include"]
  ignore line: [ignoring duplicate directory "/opt/gcc-arm-none-eabi/arm-gnu-toolchain-14.2.rel1-x86_64-arm-none-eabi/bin/../arm-none-eabi/include"]
  ignore line: [#include "..." search starts here:]
  ignore line: [#include <...> search starts here:]
  ignore line: [ /opt/gcc-arm-none-eabi/arm-gnu-toolchain-14.2.rel1-x86_64-arm-none-eabi/bin/../lib/gcc/arm-none-eabi/14.2.1/../../../../arm-none-eabi/include/c++/14.2.1]
  ignore line: [ /opt/gcc-arm-none-eabi/arm-gnu-toolchain-14.2.rel1-x86_64-arm-none-eabi/bin/../lib/gcc/arm-none-eabi/14.2.1/../../../../arm-none-eabi/include/c++/14.2.1/arm-none-eabi/thumb/v7e-m/nofp]
  ignore line: [ /opt/gcc-arm-none-eabi/arm-gnu-toolchain-14.2.rel1-x86_64-arm-none-eabi/bin/../lib/gcc/arm-none-eabi/14.2.1/../../../../arm-none-eabi/include/c++/14.2.1/backward]
  ignore line: [ /opt/gcc-arm-none-eabi/arm-gnu-toolchain-14.2.rel1-x86_64-arm-none-eabi/bin/../lib/gcc/arm-none-eabi/14.2.1/include]
  ignore line: [ /opt/gcc-arm-none-eabi/arm-gnu-toolchain-14.2.rel1-x86_64-arm-none-eabi/bin/../lib/gcc/arm-none-eabi/14.2.1/include-fixed]
  ignore line: [ /opt/gcc-arm-none-eabi/arm-gnu-toolchain-14.2.rel1-x86_64-arm-none-eabi/bin/../lib/gcc/arm-none-eabi/14.2.1/../../../../arm-none-eabi/include]
  ignore line: [End of search list.]
  ignore line: [Compiler executable checksum: 761a3593099dc796ffc611563edb6c2e]
  ignore line: [COLLECT_GCC_OPTIONS='-mcpu=cortex-m7' '-mthumb' '-ffreestanding' '-fno-builtin' '-D' 'STM32H743xx' '-D' 'USE_HAL_DRIVER' '-O0' '-v' '-std=gnu++11' '-o' 'CMakeFiles/cmTC_3dec2.dir/CMakeCXXCompilerABI.cpp.obj' '-c' '-mfloat-abi=soft' '-mlibarch=armv7e-m' '-march=armv7e-m' '-dumpdir' 'CMakeFiles/cmTC_3dec2.dir/']
  ignore line: [ /opt/gcc-arm-none-eabi/arm-gnu-toolchain-14.2.rel1-x86_64-arm-none-eabi/bin/../lib/gcc/arm-none-eabi/14.2.1/../../../../arm-none-eabi/bin/as -v -march=armv7e-m -mfloat-abi=soft -meabi=5 -o CMakeFiles/cmTC_3dec2.dir/CMakeCXXCompilerABI.cpp.obj /tmp/ccw8no81.s]
  ignore line: [GNU assembler version 2.43.1 (arm-none-eabi) using BFD version (Arm GNU Toolchain 14.2.Rel1 (Build arm-14.52)) 2.43.1.20241119]
  ignore line: [COMPILER_PATH=/opt/gcc-arm-none-eabi/arm-gnu-toolchain-14.2.rel1-x86_64-arm-none-eabi/bin/../libexec/gcc/arm-none-eabi/14.2.1/:/opt/gcc-arm-none-eabi/arm-gnu-toolchain-14.2.rel1-x86_64-arm-none-eabi/bin/../libexec/gcc/:/opt/gcc-arm-none-eabi/arm-gnu-toolchain-14.2.rel1-x86_64-arm-none-eabi/bin/../lib/gcc/arm-none-eabi/14.2.1/../../../../arm-none-eabi/bin/]
  ignore line: [LIBRARY_PATH=/opt/gcc-arm-none-eabi/arm-gnu-toolchain-14.2.rel1-x86_64-arm-none-eabi/bin/../lib/gcc/arm-none-eabi/14.2.1/thumb/v7e-m/nofp/:/opt/gcc-arm-none-eabi/arm-gnu-toolchain-14.2.rel1-x86_64-arm-none-eabi/bin/../lib/gcc/arm-none-eabi/14.2.1/../../../../arm-none-eabi/lib/thumb/v7e-m/nofp/:/opt/gcc-arm-none-eabi/arm-gnu-toolchain-14.2.rel1-x86_64-arm-none-eabi/bin/../arm-none-eabi/lib/thumb/v7e-m/nofp/:/opt/gcc-arm-none-eabi/arm-gnu-toolchain-14.2.rel1-x86_64-arm-none-eabi/bin/../lib/gcc/arm-none-eabi/14.2.1/:/opt/gcc-arm-none-eabi/arm-gnu-toolchain-14.2.rel1-x86_64-arm-none-eabi/bin/../lib/gcc/:/opt/gcc-arm-none-eabi/arm-gnu-toolchain-14.2.rel1-x86_64-arm-none-eabi/bin/../lib/gcc/arm-none-eabi/14.2.1/../../../../arm-none-eabi/lib/:/opt/gcc-arm-none-eabi/arm-gnu-toolchain-14.2.rel1-x86_64-arm-none-eabi/bin/../arm-none-eabi/lib/]
  ignore line: [COLLECT_GCC_OPTIONS='-mcpu=cortex-m7' '-mthumb' '-ffreestanding' '-fno-builtin' '-D' 'STM32H743xx' '-D' 'USE_HAL_DRIVER' '-O0' '-v' '-std=gnu++11' '-o' 'CMakeFiles/cmTC_3dec2.dir/CMakeCXXCompilerABI.cpp.obj' '-c' '-mfloat-abi=soft' '-mlibarch=armv7e-m' '-march=armv7e-m' '-dumpdir' 'CMakeFiles/cmTC_3dec2.dir/CMakeCXXCompilerABI.cpp.']
  ignore line: [Linking CXX static library libcmTC_3dec2.a]
  ignore line: [/usr/bin/cmake -P CMakeFiles/cmTC_3dec2.dir/cmake_clean_target.cmake]
  ignore line: [/usr/bin/cmake -E cmake_link_script CMakeFiles/cmTC_3dec2.dir/link.txt --verbose=1]
  ignore line: [/opt/gcc-arm-none-eabi/arm-gnu-toolchain-14.2.rel1-x86_64-arm-none-eabi/bin/arm-none-eabi-ar qc libcmTC_3dec2.a CMakeFiles/cmTC_3dec2.dir/CMakeCXXCompilerABI.cpp.obj]
  ignore line: [/opt/gcc-arm-none-eabi/arm-gnu-toolchain-14.2.rel1-x86_64-arm-none-eabi/bin/arm-none-eabi-ranlib libcmTC_3dec2.a]
  ignore line: [gmake[1]: Leaving directory '/workspace/LED/build/CMakeFiles/CMakeTmp']
  ignore line: []
  ignore line: []
  implicit libs: []
  implicit objs: []
  implicit dirs: []
  implicit fwks: []


The target system is: Generic -  - armv7
The host system is: Linux - 5.15.167.4-microsoft-standard-WSL2 - x86_64
Checking whether the ASM compiler is GNU using "--version" matched "(GNU assembler)|(GCC)|(Free Software Foundation)":
arm-none-eabi-gcc (Arm GNU Toolchain 14.2.Rel1 (Build arm-14.52)) 14.2.1 20241119
Copyright (C) 2024 Free Software Foundation, Inc.
This is free software; see the source for copying conditions.  There is NO
warranty; not even for MERCHANTABILITY or FITNESS FOR A PARTICULAR PURPOSE.

Compiling the C compiler identification source file "CMakeCCompilerId.c" succeeded.
Compiler: /opt/gcc-arm-none-eabi/arm-gnu-toolchain-14.2.rel1-x86_64-arm-none-eabi/bin/arm-none-eabi-gcc 
Build flags: -mcpu=cortex-m7;-mthumb;-ffreestanding;-fno-builtin;-DSTM32H743xx;-DUSE_HAL_DRIVER;-O0
Id flags: -c 

The output was:
0


Compilation of the C compiler identification source "CMakeCCompilerId.c" produced "CMakeCCompilerId.o"

The C compiler identification is GNU, found in "/workspace/LED/build/CMakeFiles/3.22.1/CompilerIdC/CMakeCCompilerId.o"

Detecting C compiler ABI info compiled with the following output:
Change Dir: /workspace/LED/build/CMakeFiles/CMakeTmp

Run Build Command(s):/usr/bin/gmake -f Makefile cmTC_72ec3/fast && /usr/bin/gmake  -f CMakeFiles/cmTC_72ec3.dir/build.make CMakeFiles/cmTC_72ec3.dir/build
gmake[1]: Entering directory '/workspace/LED/build/CMakeFiles/CMakeTmp'
Building C object CMakeFiles/cmTC_72ec3.dir/CMakeCCompilerABI.c.obj
/opt/gcc-arm-none-eabi/arm-gnu-toolchain-14.2.rel1-x86_64-arm-none-eabi/bin/arm-none-eabi-gcc   -mcpu=cortex-m7 -mthumb -ffreestanding -fno-builtin -DSTM32H743xx -DUSE_HAL_DRIVER -O0    -v -std=gnu99 -o CMakeFiles/cmTC_72ec3.dir/CMakeCCompilerABI.c.obj -c /usr/share/cmake-3.22/Modules/CMakeCCompilerABI.c
Using built-in specs.
COLLECT_GCC=/opt/gcc-arm-none-eabi/arm-gnu-toolchain-14.2.rel1-x86_64-arm-none-eabi/bin/arm-none-eabi-gcc
Target: arm-none-eabi
Configured with: /data/jenkins/workspace/GNU-toolchain/arm-14/src/gcc/configure --target=arm-none-eabi --prefix=/data/jenkins/workspace/GNU-toolchain/arm-14/build-arm-none-eabi/install --with-gmp=/data/jenkins/workspace/GNU-toolchain/arm-14/build-arm-none-eabi/host-tools --with-mpfr=/data/jenkins/workspace/GNU-toolchain/arm-14/build-arm-none-eabi/host-tools --with-mpc=/data/jenkins/workspace/GNU-toolchain/arm-14/build-arm-none-eabi/host-tools --with-isl=/data/jenkins/workspace/GNU-toolchain/arm-14/build-arm-none-eabi/host-tools --disable-shared --disable-nls --disable-threads --disable-tls --enable-checking=release --enable-languages=c,c++,fortran --with-newlib --with-gnu-as --with-headers=yes --with-gnu-ld --with-native-system-header-dir=/include --with-sysroot=/data/jenkins/workspace/GNU-toolchain/arm-14/build-arm-none-eabi/install/arm-none-eabi --with-bugurl=https://bugs.linaro.org/ --with-multilib-list=aprofile,rmprofile --with-pkgversion='Arm GNU Toolchain 14.2.Rel1 (Build arm-14.52)'
Thread model: single
Supported LTO compression algorithms: zlib zstd
gcc version 14.2.1 20241119 (Arm GNU Toolchain 14.2.Rel1 (Build arm-14.52)) 
COLLECT_GCC_OPTIONS='-mcpu=cortex-m7' '-mthumb' '-ffreestanding' '-fno-builtin' '-D' 'STM32H743xx' '-D' 'USE_HAL_DRIVER' '-O0' '-v' '-std=gnu99' '-o' 'CMakeFiles/cmTC_72ec3.dir/CMakeCCompilerABI.c.obj' '-c' '-mfloat-abi=soft' '-mlibarch=armv7e-m' '-march=armv7e-m' '-dumpdir' 'CMakeFiles/cmTC_72ec3.dir/'
 /opt/gcc-arm-none-eabi/arm-gnu-toolchain-14.2.rel1-x86_64-arm-none-eabi/bin/../libexec/gcc/arm-none-eabi/14.2.1/cc1 -quiet -v -imultilib thumb/v7e-m/nofp -iprefix /opt/gcc-arm-none-eabi/arm-gnu-toolchain-14.2.rel1-x86_64-arm-none-eabi/bin/../lib/gcc/arm-none-eabi/14.2.1/ -isysroot /opt/gcc-arm-none-eabi/arm-gnu-toolchain-14.2.rel1-x86_64-arm-none-eabi/bin/../arm-none-eabi -D__USES_INITFINI__ -D STM32H743xx -D USE_HAL_DRIVER /usr/share/cmake-3.22/Modules/CMakeCCompilerABI.c -quiet -dumpdir CMakeFiles/cmTC_72ec3.dir/ -dumpbase CMakeCCompilerABI.c.c -dumpbase-ext .c -mcpu=cortex-m7 -mthumb -mfloat-abi=soft -mlibarch=armv7e-m -march=armv7e-m -O0 -std=gnu99 -version -ffreestanding -fno-builtin -o /tmp/ccCh0rsP.s
GNU C99 (Arm GNU Toolchain 14.2.Rel1 (Build arm-14.52)) version 14.2.1 20241119 (arm-none-eabi)
	compiled by GNU C version 9.2.1 20191120 (Red Hat 9.2.1-2), GMP version 6.2.1, MPFR version 3.1.6, MPC version 1.0.3, isl version isl-0.15-1-g835ea3a-GMP

GGC heuristics: --param ggc-min-expand=100 --param ggc-min-heapsize=131072
ignoring duplicate directory "/opt/gcc-arm-none-eabi/arm-gnu-toolchain-14.2.rel1-x86_64-arm-none-eabi/bin/../lib/gcc/../../lib/gcc/arm-none-eabi/14.2.1/include"
ignoring nonexistent directory "/opt/gcc-arm-none-eabi/arm-gnu-toolchain-14.2.rel1-x86_64-arm-none-eabi/bin/../arm-none-eabi/usr/local/include"
ignoring duplicate directory "/opt/gcc-arm-none-eabi/arm-gnu-toolchain-14.2.rel1-x86_64-arm-none-eabi/bin/../lib/gcc/../../lib/gcc/arm-none-eabi/14.2.1/include-fixed"
ignoring duplicate directory "/opt/gcc-arm-none-eabi/arm-gnu-toolchain-14.2.rel1-x86_64-arm-none-eabi/bin/../lib/gcc/../../lib/gcc/arm-none-eabi/14.2.1/../../../../arm-none-eabi/include"
ignoring duplicate directory "/opt/gcc-arm-none-eabi/arm-gnu-toolchain-14.2.rel1-x86_64-arm-none-eabi/bin/../arm-none-eabi/include"
#include "..." search starts here:
#include <...> search starts here:
 /opt/gcc-arm-none-eabi/arm-gnu-toolchain-14.2.rel1-x86_64-arm-none-eabi/bin/../lib/gcc/arm-none-eabi/14.2.1/include
 /opt/gcc-arm-none-eabi/arm-gnu-toolchain-14.2.rel1-x86_64-arm-none-eabi/bin/../lib/gcc/arm-none-eabi/14.2.1/include-fixed
 /opt/gcc-arm-none-eabi/arm-gnu-toolchain-14.2.rel1-x86_64-arm-none-eabi/bin/../lib/gcc/arm-none-eabi/14.2.1/../../../../arm-none-eabi/include
End of search list.
Compiler executable checksum: e89038eedc6170daa7e4ecd67cd2deb0
COLLECT_GCC_OPTIONS='-mcpu=cortex-m7' '-mthumb' '-ffreestanding' '-fno-builtin' '-D' 'STM32H743xx' '-D' 'USE_HAL_DRIVER' '-O0' '-v' '-std=gnu99' '-o' 'CMakeFiles/cmTC_72ec3.dir/CMakeCCompilerABI.c.obj' '-c' '-mfloat-abi=soft' '-mlibarch=armv7e-m' '-march=armv7e-m' '-dumpdir' 'CMakeFiles/cmTC_72ec3.dir/'
 /opt/gcc-arm-none-eabi/arm-gnu-toolchain-14.2.rel1-x86_64-arm-none-eabi/bin/../lib/gcc/arm-none-eabi/14.2.1/../../../../arm-none-eabi/bin/as -v -march=armv7e-m -mfloat-abi=soft -meabi=5 -o CMakeFiles/cmTC_72ec3.dir/CMakeCCompilerABI.c.obj /tmp/ccCh0rsP.s
GNU assembler version 2.43.1 (arm-none-eabi) using BFD version (Arm GNU Toolchain 14.2.Rel1 (Build arm-14.52)) 2.43.1.20241119
COMPILER_PATH=/opt/gcc-arm-none-eabi/arm-gnu-toolchain-14.2.rel1-x86_64-arm-none-eabi/bin/../libexec/gcc/arm-none-eabi/14.2.1/:/opt/gcc-arm-none-eabi/arm-gnu-toolchain-14.2.rel1-x86_64-arm-none-eabi/bin/../libexec/gcc/:/opt/gcc-arm-none-eabi/arm-gnu-toolchain-14.2.rel1-x86_64-arm-none-eabi/bin/../lib/gcc/arm-none-eabi/14.2.1/../../../../arm-none-eabi/bin/
LIBRARY_PATH=/opt/gcc-arm-none-eabi/arm-gnu-toolchain-14.2.rel1-x86_64-arm-none-eabi/bin/../lib/gcc/arm-none-eabi/14.2.1/thumb/v7e-m/nofp/:/opt/gcc-arm-none-eabi/arm-gnu-toolchain-14.2.rel1-x86_64-arm-none-eabi/bin/../lib/gcc/arm-none-eabi/14.2.1/../../../../arm-none-eabi/lib/thumb/v7e-m/nofp/:/opt/gcc-arm-none-eabi/arm-gnu-toolchain-14.2.rel1-x86_64-arm-none-eabi/bin/../arm-none-eabi/lib/thumb/v7e-m/nofp/:/opt/gcc-arm-none-eabi/arm-gnu-toolchain-14.2.rel1-x86_64-arm-none-eabi/bin/../lib/gcc/arm-none-eabi/14.2.1/:/opt/gcc-arm-none-eabi/arm-gnu-toolchain-14.2.rel1-x86_64-arm-none-eabi/bin/../lib/gcc/:/opt/gcc-arm-none-eabi/arm-gnu-toolchain-14.2.rel1-x86_64-arm-none-eabi/bin/../lib/gcc/arm-none-eabi/14.2.1/../../../../arm-none-eabi/lib/:/opt/gcc-arm-none-eabi/arm-gnu-toolchain-14.2.rel1-x86_64-arm-none-eabi/bin/../arm-none-eabi/lib/
COLLECT_GCC_OPTIONS='-mcpu=cortex-m7' '-mthumb' '-ffreestanding' '-fno-builtin' '-D' 'STM32H743xx' '-D' 'USE_HAL_DRIVER' '-O0' '-v' '-std=gnu99' '-o' 'CMakeFiles/cmTC_72ec3.dir/CMakeCCompilerABI.c.obj' '-c' '-mfloat-abi=soft' '-mlibarch=armv7e-m' '-march=armv7e-m' '-dumpdir' 'CMakeFiles/cmTC_72ec3.dir/CMakeCCompilerABI.c.'
Linking C static library libcmTC_72ec3.a
/usr/bin/cmake -P CMakeFiles/cmTC_72ec3.dir/cmake_clean_target.cmake
/usr/bin/cmake -E cmake_link_script CMakeFiles/cmTC_72ec3.dir/link.txt --verbose=1
/opt/gcc-arm-none-eabi/arm-gnu-toolchain-14.2.rel1-x86_64-arm-none-eabi/bin/arm-none-eabi-ar qc libcmTC_72ec3.a CMakeFiles/cmTC_72ec3.dir/CMakeCCompilerABI.c.obj
/opt/gcc-arm-none-eabi/arm-gnu-toolchain-14.2.rel1-x86_64-arm-none-eabi/bin/arm-none-eabi-ranlib libcmTC_72ec3.a
gmake[1]: Leaving directory '/workspace/LED/build/CMakeFiles/CMakeTmp'



Parsed C implicit include dir info from above output: rv=done
  found start of include info
  found start of implicit include info
    add: [/opt/gcc-arm-none-eabi/arm-gnu-toolchain-14.2.rel1-x86_64-arm-none-eabi/bin/../lib/gcc/arm-none-eabi/14.2.1/include]
    add: [/opt/gcc-arm-none-eabi/arm-gnu-toolchain-14.2.rel1-x86_64-arm-none-eabi/bin/../lib/gcc/arm-none-eabi/14.2.1/include-fixed]
    add: [/opt/gcc-arm-none-eabi/arm-gnu-toolchain-14.2.rel1-x86_64-arm-none-eabi/bin/../lib/gcc/arm-none-eabi/14.2.1/../../../../arm-none-eabi/include]
  end of search list found
  collapse include dir [/opt/gcc-arm-none-eabi/arm-gnu-toolchain-14.2.rel1-x86_64-arm-none-eabi/bin/../lib/gcc/arm-none-eabi/14.2.1/include] ==> [/opt/gcc-arm-none-eabi/arm-gnu-toolchain-14.2.rel1-x86_64-arm-none-eabi/lib/gcc/arm-none-eabi/14.2.1/include]
  collapse include dir [/opt/gcc-arm-none-eabi/arm-gnu-toolchain-14.2.rel1-x86_64-arm-none-eabi/bin/../lib/gcc/arm-none-eabi/14.2.1/include-fixed] ==> [/opt/gcc-arm-none-eabi/arm-gnu-toolchain-14.2.rel1-x86_64-arm-none-eabi/lib/gcc/arm-none-eabi/14.2.1/include-fixed]
  collapse include dir [/opt/gcc-arm-none-eabi/arm-gnu-toolchain-14.2.rel1-x86_64-arm-none-eabi/bin/../lib/gcc/arm-none-eabi/14.2.1/../../../../arm-none-eabi/include] ==> [/opt/gcc-arm-none-eabi/arm-gnu-toolchain-14.2.rel1-x86_64-arm-none-eabi/arm-none-eabi/include]
  implicit include dirs: [/opt/gcc-arm-none-eabi/arm-gnu-toolchain-14.2.rel1-x86_64-arm-none-eabi/lib/gcc/arm-none-eabi/14.2.1/include;/opt/gcc-arm-none-eabi/arm-gnu-toolchain-14.2.rel1-x86_64-arm-none-eabi/lib/gcc/arm-none-eabi/14.2.1/include-fixed;/opt/gcc-arm-none-eabi/arm-gnu-toolchain-14.2.rel1-x86_64-arm-none-eabi/arm-none-eabi/include]


Parsed C implicit link information from above output:
  link line regex: [^( *|.*[/\])(arm-none-eabi-ld|CMAKE_LINK_STARTFILE-NOTFOUND|([^/\]+-)?ld|collect2)[^/\]*( |$)]
  ignore line: [Change Dir: /workspace/LED/build/CMakeFiles/CMakeTmp]
  ignore line: []
  ignore line: [Run Build Command(s):/usr/bin/gmake -f Makefile cmTC_72ec3/fast && /usr/bin/gmake  -f CMakeFiles/cmTC_72ec3.dir/build.make CMakeFiles/cmTC_72ec3.dir/build]
  ignore line: [gmake[1]: Entering directory '/workspace/LED/build/CMakeFiles/CMakeTmp']
  ignore line: [Building C object CMakeFiles/cmTC_72ec3.dir/CMakeCCompilerABI.c.obj]
  ignore line: [/opt/gcc-arm-none-eabi/arm-gnu-toolchain-14.2.rel1-x86_64-arm-none-eabi/bin/arm-none-eabi-gcc   -mcpu=cortex-m7 -mthumb -ffreestanding -fno-builtin -DSTM32H743xx -DUSE_HAL_DRIVER -O0    -v -std=gnu99 -o CMakeFiles/cmTC_72ec3.dir/CMakeCCompilerABI.c.obj -c /usr/share/cmake-3.22/Modules/CMakeCCompilerABI.c]
  ignore line: [Using built-in specs.]
  ignore line: [COLLECT_GCC=/opt/gcc-arm-none-eabi/arm-gnu-toolchain-14.2.rel1-x86_64-arm-none-eabi/bin/arm-none-eabi-gcc]
  ignore line: [Target: arm-none-eabi]
  ignore line: [Configured with: /data/jenkins/workspace/GNU-toolchain/arm-14/src/gcc/configure --target=arm-none-eabi --prefix=/data/jenkins/workspace/GNU-toolchain/arm-14/build-arm-none-eabi/install --with-gmp=/data/jenkins/workspace/GNU-toolchain/arm-14/build-arm-none-eabi/host-tools --with-mpfr=/data/jenkins/workspace/GNU-toolchain/arm-14/build-arm-none-eabi/host-tools --with-mpc=/data/jenkins/workspace/GNU-toolchain/arm-14/build-arm-none-eabi/host-tools --with-isl=/data/jenkins/workspace/GNU-toolchain/arm-14/build-arm-none-eabi/host-tools --disable-shared --disable-nls --disable-threads --disable-tls --enable-checking=release --enable-languages=c,c++,fortran --with-newlib --with-gnu-as --with-headers=yes --with-gnu-ld --with-native-system-header-dir=/include --with-sysroot=/data/jenkins/workspace/GNU-toolchain/arm-14/build-arm-none-eabi/install/arm-none-eabi --with-bugurl=https://bugs.linaro.org/ --with-multilib-list=aprofile,rmprofile --with-pkgversion='Arm GNU Toolchain 14.2.Rel1 (Build arm-14.52)']
  ignore line: [Thread model: single]
  ignore line: [Supported LTO compression algorithms: zlib zstd]
  ignore line: [gcc version 14.2.1 20241119 (Arm GNU Toolchain 14.2.Rel1 (Build arm-14.52)) ]
  ignore line: [COLLECT_GCC_OPTIONS='-mcpu=cortex-m7' '-mthumb' '-ffreestanding' '-fno-builtin' '-D' 'STM32H743xx' '-D' 'USE_HAL_DRIVER' '-O0' '-v' '-std=gnu99' '-o' 'CMakeFiles/cmTC_72ec3.dir/CMakeCCompilerABI.c.obj' '-c' '-mfloat-abi=soft' '-mlibarch=armv7e-m' '-march=armv7e-m' '-dumpdir' 'CMakeFiles/cmTC_72ec3.dir/']
  ignore line: [ /opt/gcc-arm-none-eabi/arm-gnu-toolchain-14.2.rel1-x86_64-arm-none-eabi/bin/../libexec/gcc/arm-none-eabi/14.2.1/cc1 -quiet -v -imultilib thumb/v7e-m/nofp -iprefix /opt/gcc-arm-none-eabi/arm-gnu-toolchain-14.2.rel1-x86_64-arm-none-eabi/bin/../lib/gcc/arm-none-eabi/14.2.1/ -isysroot /opt/gcc-arm-none-eabi/arm-gnu-toolchain-14.2.rel1-x86_64-arm-none-eabi/bin/../arm-none-eabi -D__USES_INITFINI__ -D STM32H743xx -D USE_HAL_DRIVER /usr/share/cmake-3.22/Modules/CMakeCCompilerABI.c -quiet -dumpdir CMakeFiles/cmTC_72ec3.dir/ -dumpbase CMakeCCompilerABI.c.c -dumpbase-ext .c -mcpu=cortex-m7 -mthumb -mfloat-abi=soft -mlibarch=armv7e-m -march=armv7e-m -O0 -std=gnu99 -version -ffreestanding -fno-builtin -o /tmp/ccCh0rsP.s]
  ignore line: [GNU C99 (Arm GNU Toolchain 14.2.Rel1 (Build arm-14.52)) version 14.2.1 20241119 (arm-none-eabi)]
  ignore line: [	compiled by GNU C version 9.2.1 20191120 (Red Hat 9.2.1-2)  GMP version 6.2.1  MPFR version 3.1.6  MPC version 1.0.3  isl version isl-0.15-1-g835ea3a-GMP]
  ignore line: []
  ignore line: [GGC heuristics: --param ggc-min-expand=100 --param ggc-min-heapsize=131072]
  ignore line: [ignoring duplicate directory "/opt/gcc-arm-none-eabi/arm-gnu-toolchain-14.2.rel1-x86_64-arm-none-eabi/bin/../lib/gcc/../../lib/gcc/arm-none-eabi/14.2.1/include"]
  ignore line: [ignoring nonexistent directory "/opt/gcc-arm-none-eabi/arm-gnu-toolchain-14.2.rel1-x86_64-arm-none-eabi/bin/../arm-none-eabi/usr/local/include"]
  ignore line: [ignoring duplicate directory "/opt/gcc-arm-none-eabi/arm-gnu-toolchain-14.2.rel1-x86_64-arm-none-eabi/bin/../lib/gcc/../../lib/gcc/arm-none-eabi/14.2.1/include-fixed"]
  ignore line: [ignoring duplicate directory "/opt/gcc-arm-none-eabi/arm-gnu-toolchain-14.2.rel1-x86_64-arm-none-eabi/bin/../lib/gcc/../../lib/gcc/arm-none-eabi/14.2.1/../../../../arm-none-eabi/include"]
  ignore line: [ignoring duplicate directory "/opt/gcc-arm-none-eabi/arm-gnu-toolchain-14.2.rel1-x86_64-arm-none-eabi/bin/../arm-none-eabi/include"]
  ignore line: [#include "..." search starts here:]
  ignore line: [#include <...> search starts here:]
  ignore line: [ /opt/gcc-arm-none-eabi/arm-gnu-toolchain-14.2.rel1-x86_64-arm-none-eabi/bin/../lib/gcc/arm-none-eabi/14.2.1/include]
  ignore line: [ /opt/gcc-arm-none-eabi/arm-gnu-toolchain-14.2.rel1-x86_64-arm-none-eabi/bin/../lib/gcc/arm-none-eabi/14.2.1/include-fixed]
  ignore line: [ /opt/gcc-arm-none-eabi/arm-gnu-toolchain-14.2.rel1-x86_64-arm-none-eabi/bin/../lib/gcc/arm-none-eabi/14.2.1/../../../../arm-none-eabi/include]
  ignore line: [End of search list.]
  ignore line: [Compiler executable checksum: e89038eedc6170daa7e4ecd67cd2deb0]
  ignore line: [COLLECT_GCC_OPTIONS='-mcpu=cortex-m7' '-mthumb' '-ffreestanding' '-fno-builtin' '-D' 'STM32H743xx' '-D' 'USE_HAL_DRIVER' '-O0' '-v' '-std=gnu99' '-o' 'CMakeFiles/cmTC_72ec3.dir/CMakeCCompilerABI.c.obj' '-c' '-mfloat-abi=soft' '-mlibarch=armv7e-m' '-march=armv7e-m' '-dumpdir' 'CMakeFiles/cmTC_72ec3.dir/']
  ignore line: [ /opt/gcc-arm-none-eabi/arm-gnu-toolchain-14.2.rel1-x86_64-arm-none-eabi/bin/../lib/gcc/arm-none-eabi/14.2.1/../../../../arm-none-eabi/bin/as -v -march=armv7e-m -mfloat-abi=soft -meabi=5 -o CMakeFiles/cmTC_72ec3.dir/CMakeCCompilerABI.c.obj /tmp/ccCh0rsP.s]
  ignore line: [GNU assembler version 2.43.1 (arm-none-eabi) using BFD version (Arm GNU Toolchain 14.2.Rel1 (Build arm-14.52)) 2.43.1.20241119]
  ignore line: [COMPILER_PATH=/opt/gcc-arm-none-eabi/arm-gnu-toolchain-14.2.rel1-x86_64-arm-none-eabi/bin/../libexec/gcc/arm-none-eabi/14.2.1/:/opt/gcc-arm-none-eabi/arm-gnu-toolchain-14.2.rel1-x86_64-arm-none-eabi/bin/../libexec/gcc/:/opt/gcc-arm-none-eabi/arm-gnu-toolchain-14.2.rel1-x86_64-arm-none-eabi/bin/../lib/gcc/arm-none-eabi/14.2.1/../../../../arm-none-eabi/bin/]
  ignore line: [LIBRARY_PATH=/opt/gcc-arm-none-eabi/arm-gnu-toolchain-14.2.rel1-x86_64-arm-none-eabi/bin/../lib/gcc/arm-none-eabi/14.2.1/thumb/v7e-m/nofp/:/opt/gcc-arm-none-eabi/arm-gnu-toolchain-14.2.rel1-x86_64-arm-none-eabi/bin/../lib/gcc/arm-none-eabi/14.2.1/../../../../arm-none-eabi/lib/thumb/v7e-m/nofp/:/opt/gcc-arm-none-eabi/arm-gnu-toolchain-14.2.rel1-x86_64-arm-none-eabi/bin/../arm-none-eabi/lib/thumb/v7e-m/nofp/:/opt/gcc-arm-none-eabi/arm-gnu-toolchain-14.2.rel1-x86_64-arm-none-eabi/bin/../lib/gcc/arm-none-eabi/14.2.1/:/opt/gcc-arm-none-eabi/arm-gnu-toolchain-14.2.rel1-x86_64-arm-none-eabi/bin/../lib/gcc/:/opt/gcc-arm-none-eabi/arm-gnu-toolchain-14.2.rel1-x86_64-arm-none-eabi/bin/../lib/gcc/arm-none-eabi/14.2.1/../../../../arm-none-eabi/lib/:/opt/gcc-arm-none-eabi/arm-gnu-toolchain-14.2.rel1-x86_64-arm-none-eabi/bin/../arm-none-eabi/lib/]
  ignore line: [COLLECT_GCC_OPTIONS='-mcpu=cortex-m7' '-mthumb' '-ffreestanding' '-fno-builtin' '-D' 'STM32H743xx' '-D' 'USE_HAL_DRIVER' '-O0' '-v' '-std=gnu99' '-o' 'CMakeFiles/cmTC_72ec3.dir/CMakeCCompilerABI.c.obj' '-c' '-mfloat-abi=soft' '-mlibarch=armv7e-m' '-march=armv7e-m' '-dumpdir' 'CMakeFiles/cmTC_72ec3.dir/CMakeCCompilerABI.c.']
  ignore line: [Linking C static library libcmTC_72ec3.a]
  ignore line: [/usr/bin/cmake -P CMakeFiles/cmTC_72ec3.dir/cmake_clean_target.cmake]
  ignore line: [/usr/bin/cmake -E cmake_link_script CMakeFiles/cmTC_72ec3.dir/link.txt --verbose=1]
  ignore line: [/opt/gcc-arm-none-eabi/arm-gnu-toolchain-14.2.rel1-x86_64-arm-none-eabi/bin/arm-none-eabi-ar qc libcmTC_72ec3.a CMakeFiles/cmTC_72ec3.dir/CMakeCCompilerABI.c.obj]
  ignore line: [/opt/gcc-arm-none-eabi/arm-gnu-toolchain-14.2.rel1-x86_64-arm-none-eabi/bin/arm-none-eabi-ranlib libcmTC_72ec3.a]
  ignore line: [gmake[1]: Leaving directory '/workspace/LED/build/CMakeFiles/CMakeTmp']
  ignore line: []
  ignore line: []
  implicit libs: []
  implicit objs: []
  implicit dirs: []
  implicit fwks: []


Compiling the CXX compiler identification source file "CMakeCXXCompilerId.cpp" succeeded.
Compiler: /opt/gcc-arm-none-eabi/arm-gnu-toolchain-14.2.rel1-x86_64-arm-none-eabi/bin/arm-none-eabi-g++ 
Build flags: -mcpu=cortex-m7;-mthumb;-ffreestanding;-fno-builtin;-DSTM32H743xx;-DUSE_HAL_DRIVER;-O0
Id flags: -c 

The output was:
0


Compilation of the CXX compiler identification source "CMakeCXXCompilerId.cpp" produced "CMakeCXXCompilerId.o"

The CXX compiler identification is GNU, found in "/workspace/LED/build/CMakeFiles/3.22.1/CompilerIdCXX/CMakeCXXCompilerId.o"

Detecting CXX compiler ABI info compiled with the following output:
Change Dir: /workspace/LED/build/CMakeFiles/CMakeTmp

Run Build Command(s):/usr/bin/gmake -f Makefile cmTC_b6304/fast && /usr/bin/gmake  -f CMakeFiles/cmTC_b6304.dir/build.make CMakeFiles/cmTC_b6304.dir/build
gmake[1]: Entering directory '/workspace/LED/build/CMakeFiles/CMakeTmp'
Building CXX object CMakeFiles/cmTC_b6304.dir/CMakeCXXCompilerABI.cpp.obj
/opt/gcc-arm-none-eabi/arm-gnu-toolchain-14.2.rel1-x86_64-arm-none-eabi/bin/arm-none-eabi-g++   -mcpu=cortex-m7 -mthumb -ffreestanding -fno-builtin -DSTM32H743xx -DUSE_HAL_DRIVER -O0    -v -std=gnu++11 -o CMakeFiles/cmTC_b6304.dir/CMakeCXXCompilerABI.cpp.obj -c /usr/share/cmake-3.22/Modules/CMakeCXXCompilerABI.cpp
Using built-in specs.
COLLECT_GCC=/opt/gcc-arm-none-eabi/arm-gnu-toolchain-14.2.rel1-x86_64-arm-none-eabi/bin/arm-none-eabi-g++
Target: arm-none-eabi
Configured with: /data/jenkins/workspace/GNU-toolchain/arm-14/src/gcc/configure --target=arm-none-eabi --prefix=/data/jenkins/workspace/GNU-toolchain/arm-14/build-arm-none-eabi/install --with-gmp=/data/jenkins/workspace/GNU-toolchain/arm-14/build-arm-none-eabi/host-tools --with-mpfr=/data/jenkins/workspace/GNU-toolchain/arm-14/build-arm-none-eabi/host-tools --with-mpc=/data/jenkins/workspace/GNU-toolchain/arm-14/build-arm-none-eabi/host-tools --with-isl=/data/jenkins/workspace/GNU-toolchain/arm-14/build-arm-none-eabi/host-tools --disable-shared --disable-nls --disable-threads --disable-tls --enable-checking=release --enable-languages=c,c++,fortran --with-newlib --with-gnu-as --with-headers=yes --with-gnu-ld --with-native-system-header-dir=/include --with-sysroot=/data/jenkins/workspace/GNU-toolchain/arm-14/build-arm-none-eabi/install/arm-none-eabi --with-bugurl=https://bugs.linaro.org/ --with-multilib-list=aprofile,rmprofile --with-pkgversion='Arm GNU Toolchain 14.2.Rel1 (Build arm-14.52)'
Thread model: single
Supported LTO compression algorithms: zlib zstd
gcc version 14.2.1 20241119 (Arm GNU Toolchain 14.2.Rel1 (Build arm-14.52)) 
COLLECT_GCC_OPTIONS='-mcpu=cortex-m7' '-mthumb' '-ffreestanding' '-fno-builtin' '-D' 'STM32H743xx' '-D' 'USE_HAL_DRIVER' '-O0' '-v' '-std=gnu++11' '-o' 'CMakeFiles/cmTC_b6304.dir/CMakeCXXCompilerABI.cpp.obj' '-c' '-mfloat-abi=soft' '-mlibarch=armv7e-m' '-march=armv7e-m' '-dumpdir' 'CMakeFiles/cmTC_b6304.dir/'
 /opt/gcc-arm-none-eabi/arm-gnu-toolchain-14.2.rel1-x86_64-arm-none-eabi/bin/../libexec/gcc/arm-none-eabi/14.2.1/cc1plus -quiet -v -imultilib thumb/v7e-m/nofp -iprefix /opt/gcc-arm-none-eabi/arm-gnu-toolchain-14.2.rel1-x86_64-arm-none-eabi/bin/../lib/gcc/arm-none-eabi/14.2.1/ -isysroot /opt/gcc-arm-none-eabi/arm-gnu-toolchain-14.2.rel1-x86_64-arm-none-eabi/bin/../arm-none-eabi -D__USES_INITFINI__ -D STM32H743xx -D USE_HAL_DRIVER /usr/share/cmake-3.22/Modules/CMakeCXXCompilerABI.cpp -quiet -dumpdir CMakeFiles/cmTC_b6304.dir/ -dumpbase CMakeCXXCompilerABI.cpp.cpp -dumpbase-ext .cpp -mcpu=cortex-m7 -mthumb -mfloat-abi=soft -mlibarch=armv7e-m -march=armv7e-m -O0 -std=gnu++11 -version -ffreestanding -fno-builtin -o /tmp/ccL7Xiyt.s
GNU C++11 (Arm GNU Toolchain 14.2.Rel1 (Build arm-14.52)) version 14.2.1 20241119 (arm-none-eabi)
	compiled by GNU C version 9.2.1 20191120 (Red Hat 9.2.1-2), GMP version 6.2.1, MPFR version 3.1.6, MPC version 1.0.3, isl version isl-0.15-1-g835ea3a-GMP

GGC heuristics: --param ggc-min-expand=100 --param ggc-min-heapsize=131072
ignoring duplicate directory "/opt/gcc-arm-none-eabi/arm-gnu-toolchain-14.2.rel1-x86_64-arm-none-eabi/bin/../lib/gcc/../../lib/gcc/arm-none-eabi/14.2.1/../../../../arm-none-eabi/include/c++/14.2.1"
ignoring duplicate directory "/opt/gcc-arm-none-eabi/arm-gnu-toolchain-14.2.rel1-x86_64-arm-none-eabi/bin/../lib/gcc/../../lib/gcc/arm-none-eabi/14.2.1/../../../../arm-none-eabi/include/c++/14.2.1/arm-none-eabi/thumb/v7e-m/nofp"
ignoring duplicate directory "/opt/gcc-arm-none-eabi/arm-gnu-toolchain-14.2.rel1-x86_64-arm-none-eabi/bin/../lib/gcc/../../lib/gcc/arm-none-eabi/14.2.1/../../../../arm-none-eabi/include/c++/14.2.1/backward"
ignoring duplicate directory "/opt/gcc-arm-none-eabi/arm-gnu-toolchain-14.2.rel1-x86_64-arm-none-eabi/bin/../lib/gcc/../../lib/gcc/arm-none-eabi/14.2.1/include"
ignoring nonexistent directory "/opt/gcc-arm-none-eabi/arm-gnu-toolchain-14.2.rel1-x86_64-arm-none-eabi/bin/../arm-none-eabi/usr/local/include"
ignoring duplicate directory "/opt/gcc-arm-none-eabi/arm-gnu-toolchain-14.2.rel1-x86_64-arm-none-eabi/bin/../lib/gcc/../../lib/gcc/arm-none-eabi/14.2.1/include-fixed"
ignoring duplicate directory "/opt/gcc-arm-none-eabi/arm-gnu-toolchain-14.2.rel1-x86_64-arm-none-eabi/bin/../lib/gcc/../../lib/gcc/arm-none-eabi/14.2.1/../../../../arm-none-eabi/include"
ignoring duplicate directory "/opt/gcc-arm-none-eabi/arm-gnu-toolchain-14.2.rel1-x86_64-arm-none-eabi/bin/../arm-none-eabi/include"
#include "..." search starts here:
#include <...> search starts here:
 /opt/gcc-arm-none-eabi/arm-gnu-toolchain-14.2.rel1-x86_64-arm-none-eabi/bin/../lib/gcc/arm-none-eabi/14.2.1/../../../../arm-none-eabi/include/c++/14.2.1
 /opt/gcc-arm-none-eabi/arm-gnu-toolchain-14.2.rel1-x86_64-arm-none-eabi/bin/../lib/gcc/arm-none-eabi/14.2.1/../../../../arm-none-eabi/include/c++/14.2.1/arm-none-eabi/thumb/v7e-m/nofp
 /opt/gcc-arm-none-eabi/arm-gnu-toolchain-14.2.rel1-x86_64-arm-none-eabi/bin/../lib/gcc/arm-none-eabi/14.2.1/../../../../arm-none-eabi/include/c++/14.2.1/backward
 /opt/gcc-arm-none-eabi/arm-gnu-toolchain-14.2.rel1-x86_64-arm-none-eabi/bin/../lib/gcc/arm-none-eabi/14.2.1/include
 /opt/gcc-arm-none-eabi/arm-gnu-toolchain-14.2.rel1-x86_64-arm-none-eabi/bin/../lib/gcc/arm-none-eabi/14.2.1/include-fixed
 /opt/gcc-arm-none-eabi/arm-gnu-toolchain-14.2.rel1-x86_64-arm-none-eabi/bin/../lib/gcc/arm-none-eabi/14.2.1/../../../../arm-none-eabi/include
End of search list.
Compiler executable checksum: 761a3593099dc796ffc611563edb6c2e
COLLECT_GCC_OPTIONS='-mcpu=cortex-m7' '-mthumb' '-ffreestanding' '-fno-builtin' '-D' 'STM32H743xx' '-D' 'USE_HAL_DRIVER' '-O0' '-v' '-std=gnu++11' '-o' 'CMakeFiles/cmTC_b6304.dir/CMakeCXXCompilerABI.cpp.obj' '-c' '-mfloat-abi=soft' '-mlibarch=armv7e-m' '-march=armv7e-m' '-dumpdir' 'CMakeFiles/cmTC_b6304.dir/'
 /opt/gcc-arm-none-eabi/arm-gnu-toolchain-14.2.rel1-x86_64-arm-none-eabi/bin/../lib/gcc/arm-none-eabi/14.2.1/../../../../arm-none-eabi/bin/as -v -march=armv7e-m -mfloat-abi=soft -meabi=5 -o CMakeFiles/cmTC_b6304.dir/CMakeCXXCompilerABI.cpp.obj /tmp/ccL7Xiyt.s
GNU assembler version 2.43.1 (arm-none-eabi) using BFD version (Arm GNU Toolchain 14.2.Rel1 (Build arm-14.52)) 2.43.1.20241119
COMPILER_PATH=/opt/gcc-arm-none-eabi/arm-gnu-toolchain-14.2.rel1-x86_64-arm-none-eabi/bin/../libexec/gcc/arm-none-eabi/14.2.1/:/opt/gcc-arm-none-eabi/arm-gnu-toolchain-14.2.rel1-x86_64-arm-none-eabi/bin/../libexec/gcc/:/opt/gcc-arm-none-eabi/arm-gnu-toolchain-14.2.rel1-x86_64-arm-none-eabi/bin/../lib/gcc/arm-none-eabi/14.2.1/../../../../arm-none-eabi/bin/
LIBRARY_PATH=/opt/gcc-arm-none-eabi/arm-gnu-toolchain-14.2.rel1-x86_64-arm-none-eabi/bin/../lib/gcc/arm-none-eabi/14.2.1/thumb/v7e-m/nofp/:/opt/gcc-arm-none-eabi/arm-gnu-toolchain-14.2.rel1-x86_64-arm-none-eabi/bin/../lib/gcc/arm-none-eabi/14.2.1/../../../../arm-none-eabi/lib/thumb/v7e-m/nofp/:/opt/gcc-arm-none-eabi/arm-gnu-toolchain-14.2.rel1-x86_64-arm-none-eabi/bin/../arm-none-eabi/lib/thumb/v7e-m/nofp/:/opt/gcc-arm-none-eabi/arm-gnu-toolchain-14.2.rel1-x86_64-arm-none-eabi/bin/../lib/gcc/arm-none-eabi/14.2.1/:/opt/gcc-arm-none-eabi/arm-gnu-toolchain-14.2.rel1-x86_64-arm-none-eabi/bin/../lib/gcc/:/opt/gcc-arm-none-eabi/arm-gnu-toolchain-14.2.rel1-x86_64-arm-none-eabi/bin/../lib/gcc/arm-none-eabi/14.2.1/../../../../arm-none-eabi/lib/:/opt/gcc-arm-none-eabi/arm-gnu-toolchain-14.2.rel1-x86_64-arm-none-eabi/bin/../arm-none-eabi/lib/
COLLECT_GCC_OPTIONS='-mcpu=cortex-m7' '-mthumb' '-ffreestanding' '-fno-builtin' '-D' 'STM32H743xx' '-D' 'USE_HAL_DRIVER' '-O0' '-v' '-std=gnu++11' '-o' 'CMakeFiles/cmTC_b6304.dir/CMakeCXXCompilerABI.cpp.obj' '-c' '-mfloat-abi=soft' '-mlibarch=armv7e-m' '-march=armv7e-m' '-dumpdir' 'CMakeFiles/cmTC_b6304.dir/CMakeCXXCompilerABI.cpp.'
Linking CXX static library libcmTC_b6304.a
/usr/bin/cmake -P CMakeFiles/cmTC_b6304.dir/cmake_clean_target.cmake
/usr/bin/cmake -E cmake_link_script CMakeFiles/cmTC_b6304.dir/link.txt --verbose=1
/opt/gcc-arm-none-eabi/arm-gnu-toolchain-14.2.rel1-x86_64-arm-none-eabi/bin/arm-none-eabi-ar qc libcmTC_b6304.a CMakeFiles/cmTC_b6304.dir/CMakeCXXCompilerABI.cpp.obj
/opt/gcc-arm-none-eabi/arm-gnu-toolchain-14.2.rel1-x86_64-arm-none-eabi/bin/arm-none-eabi-ranlib libcmTC_b6304.a
gmake[1]: Leaving directory '/workspace/LED/build/CMakeFiles/CMakeTmp'



Parsed CXX implicit include dir info from above output: rv=done
  found start of include info
  found start of implicit include info
    add: [/opt/gcc-arm-none-eabi/arm-gnu-toolchain-14.2.rel1-x86_64-arm-none-eabi/bin/../lib/gcc/arm-none-eabi/14.2.1/../../../../arm-none-eabi/include/c++/14.2.1]
    add: [/opt/gcc-arm-none-eabi/arm-gnu-toolchain-14.2.rel1-x86_64-arm-none-eabi/bin/../lib/gcc/arm-none-eabi/14.2.1/../../../../arm-none-eabi/include/c++/14.2.1/arm-none-eabi/thumb/v7e-m/nofp]
    add: [/opt/gcc-arm-none-eabi/arm-gnu-toolchain-14.2.rel1-x86_64-arm-none-eabi/bin/../lib/gcc/arm-none-eabi/14.2.1/../../../../arm-none-eabi/include/c++/14.2.1/backward]
    add: [/opt/gcc-arm-none-eabi/arm-gnu-toolchain-14.2.rel1-x86_64-arm-none-eabi/bin/../lib/gcc/arm-none-eabi/14.2.1/include]
    add: [/opt/gcc-arm-none-eabi/arm-gnu-toolchain-14.2.rel1-x86_64-arm-none-eabi/bin/../lib/gcc/arm-none-eabi/14.2.1/include-fixed]
    add: [/opt/gcc-arm-none-eabi/arm-gnu-toolchain-14.2.rel1-x86_64-arm-none-eabi/bin/../lib/gcc/arm-none-eabi/14.2.1/../../../../arm-none-eabi/include]
  end of search list found
  collapse include dir [/opt/gcc-arm-none-eabi/arm-gnu-toolchain-14.2.rel1-x86_64-arm-none-eabi/bin/../lib/gcc/arm-none-eabi/14.2.1/../../../../arm-none-eabi/include/c++/14.2.1] ==> [/opt/gcc-arm-none-eabi/arm-gnu-toolchain-14.2.rel1-x86_64-arm-none-eabi/arm-none-eabi/include/c++/14.2.1]
  collapse include dir [/opt/gcc-arm-none-eabi/arm-gnu-toolchain-14.2.rel1-x86_64-arm-none-eabi/bin/../lib/gcc/arm-none-eabi/14.2.1/../../../../arm-none-eabi/include/c++/14.2.1/arm-none-eabi/thumb/v7e-m/nofp] ==> [/opt/gcc-arm-none-eabi/arm-gnu-toolchain-14.2.rel1-x86_64-arm-none-eabi/arm-none-eabi/include/c++/14.2.1/arm-none-eabi/thumb/v7e-m/nofp]
  collapse include dir [/opt/gcc-arm-none-eabi/arm-gnu-toolchain-14.2.rel1-x86_64-arm-none-eabi/bin/../lib/gcc/arm-none-eabi/14.2.1/../../../../arm-none-eabi/include/c++/14.2.1/backward] ==> [/opt/gcc-arm-none-eabi/arm-gnu-toolchain-14.2.rel1-x86_64-arm-none-eabi/arm-none-eabi/include/c++/14.2.1/backward]
  collapse include dir [/opt/gcc-arm-none-eabi/arm-gnu-toolchain-14.2.rel1-x86_64-arm-none-eabi/bin/../lib/gcc/arm-none-eabi/14.2.1/include] ==> [/opt/gcc-arm-none-eabi/arm-gnu-toolchain-14.2.rel1-x86_64-arm-none-eabi/lib/gcc/arm-none-eabi/14.2.1/include]
  collapse include dir [/opt/gcc-arm-none-eabi/arm-gnu-toolchain-14.2.rel1-x86_64-arm-none-eabi/bin/../lib/gcc/arm-none-eabi/14.2.1/include-fixed] ==> [/opt/gcc-arm-none-eabi/arm-gnu-toolchain-14.2.rel1-x86_64-arm-none-eabi/lib/gcc/arm-none-eabi/14.2.1/include-fixed]
  collapse include dir [/opt/gcc-arm-none-eabi/arm-gnu-toolchain-14.2.rel1-x86_64-arm-none-eabi/bin/../lib/gcc/arm-none-eabi/14.2.1/../../../../arm-none-eabi/include] ==> [/opt/gcc-arm-none-eabi/arm-gnu-toolchain-14.2.rel1-x86_64-arm-none-eabi/arm-none-eabi/include]
  implicit include dirs: [/opt/gcc-arm-none-eabi/arm-gnu-toolchain-14.2.rel1-x86_64-arm-none-eabi/arm-none-eabi/include/c++/14.2.1;/opt/gcc-arm-none-eabi/arm-gnu-toolchain-14.2.rel1-x86_64-arm-none-eabi/arm-none-eabi/include/c++/14.2.1/arm-none-eabi/thumb/v7e-m/nofp;/opt/gcc-arm-none-eabi/arm-gnu-toolchain-14.2.rel1-x86_64-arm-none-eabi/arm-none-eabi/include/c++/14.2.1/backward;/opt/gcc-arm-none-eabi/arm-gnu-toolchain-14.2.rel1-x86_64-arm-none-eabi/lib/gcc/arm-none-eabi/14.2.1/include;/opt/gcc-arm-none-eabi/arm-gnu-toolchain-14.2.rel1-x86_64-arm-none-eabi/lib/gcc/arm-none-eabi/14.2.1/include-fixed;/opt/gcc-arm-none-eabi/arm-gnu-toolchain-14.2.rel1-x86_64-arm-none-eabi/arm-none-eabi/include]


Parsed CXX implicit link information from above output:
  link line regex: [^( *|.*[/\])(arm-none-eabi-ld|CMAKE_LINK_STARTFILE-NOTFOUND|([^/\]+-)?ld|collect2)[^/\]*( |$)]
  ignore line: [Change Dir: /workspace/LED/build/CMakeFiles/CMakeTmp]
  ignore line: []
  ignore line: [Run Build Command(s):/usr/bin/gmake -f Makefile cmTC_b6304/fast && /usr/bin/gmake  -f CMakeFiles/cmTC_b6304.dir/build.make CMakeFiles/cmTC_b6304.dir/build]
  ignore line: [gmake[1]: Entering directory '/workspace/LED/build/CMakeFiles/CMakeTmp']
  ignore line: [Building CXX object CMakeFiles/cmTC_b6304.dir/CMakeCXXCompilerABI.cpp.obj]
  ignore line: [/opt/gcc-arm-none-eabi/arm-gnu-toolchain-14.2.rel1-x86_64-arm-none-eabi/bin/arm-none-eabi-g++   -mcpu=cortex-m7 -mthumb -ffreestanding -fno-builtin -DSTM32H743xx -DUSE_HAL_DRIVER -O0    -v -std=gnu++11 -o CMakeFiles/cmTC_b6304.dir/CMakeCXXCompilerABI.cpp.obj -c /usr/share/cmake-3.22/Modules/CMakeCXXCompilerABI.cpp]
  ignore line: [Using built-in specs.]
  ignore line: [COLLECT_GCC=/opt/gcc-arm-none-eabi/arm-gnu-toolchain-14.2.rel1-x86_64-arm-none-eabi/bin/arm-none-eabi-g++]
  ignore line: [Target: arm-none-eabi]
  ignore line: [Configured with: /data/jenkins/workspace/GNU-toolchain/arm-14/src/gcc/configure --target=arm-none-eabi --prefix=/data/jenkins/workspace/GNU-toolchain/arm-14/build-arm-none-eabi/install --with-gmp=/data/jenkins/workspace/GNU-toolchain/arm-14/build-arm-none-eabi/host-tools --with-mpfr=/data/jenkins/workspace/GNU-toolchain/arm-14/build-arm-none-eabi/host-tools --with-mpc=/data/jenkins/workspace/GNU-toolchain/arm-14/build-arm-none-eabi/host-tools --with-isl=/data/jenkins/workspace/GNU-toolchain/arm-14/build-arm-none-eabi/host-tools --disable-shared --disable-nls --disable-threads --disable-tls --enable-checking=release --enable-languages=c,c++,fortran --with-newlib --with-gnu-as --with-headers=yes --with-gnu-ld --with-native-system-header-dir=/include --with-sysroot=/data/jenkins/workspace/GNU-toolchain/arm-14/build-arm-none-eabi/install/arm-none-eabi --with-bugurl=https://bugs.linaro.org/ --with-multilib-list=aprofile,rmprofile --with-pkgversion='Arm GNU Toolchain 14.2.Rel1 (Build arm-14.52)']
  ignore line: [Thread model: single]
  ignore line: [Supported LTO compression algorithms: zlib zstd]
  ignore line: [gcc version 14.2.1 20241119 (Arm GNU Toolchain 14.2.Rel1 (Build arm-14.52)) ]
  ignore line: [COLLECT_GCC_OPTIONS='-mcpu=cortex-m7' '-mthumb' '-ffreestanding' '-fno-builtin' '-D' 'STM32H743xx' '-D' 'USE_HAL_DRIVER' '-O0' '-v' '-std=gnu++11' '-o' 'CMakeFiles/cmTC_b6304.dir/CMakeCXXCompilerABI.cpp.obj' '-c' '-mfloat-abi=soft' '-mlibarch=armv7e-m' '-march=armv7e-m' '-dumpdir' 'CMakeFiles/cmTC_b6304.dir/']
  ignore line: [ /opt/gcc-arm-none-eabi/arm-gnu-toolchain-14.2.rel1-x86_64-arm-none-eabi/bin/../libexec/gcc/arm-none-eabi/14.2.1/cc1plus -quiet -v -imultilib thumb/v7e-m/nofp -iprefix /opt/gcc-arm-none-eabi/arm-gnu-toolchain-14.2.rel1-x86_64-arm-none-eabi/bin/../lib/gcc/arm-none-eabi/14.2.1/ -isysroot /opt/gcc-arm-none-eabi/arm-gnu-toolchain-14.2.rel1-x86_64-arm-none-eabi/bin/../arm-none-eabi -D__USES_INITFINI__ -D STM32H743xx -D USE_HAL_DRIVER /usr/share/cmake-3.22/Modules/CMakeCXXCompilerABI.cpp -quiet -dumpdir CMakeFiles/cmTC_b6304.dir/ -dumpbase CMakeCXXCompilerABI.cpp.cpp -dumpbase-ext .cpp -mcpu=cortex-m7 -mthumb -mfloat-abi=soft -mlibarch=armv7e-m -march=armv7e-m -O0 -std=gnu++11 -version -ffreestanding -fno-builtin -o /tmp/ccL7Xiyt.s]
  ignore line: [GNU C++11 (Arm GNU Toolchain 14.2.Rel1 (Build arm-14.52)) version 14.2.1 20241119 (arm-none-eabi)]
  ignore line: [	compiled by GNU C version 9.2.1 20191120 (Red Hat 9.2.1-2)  GMP version 6.2.1  MPFR version 3.1.6  MPC version 1.0.3  isl version isl-0.15-1-g835ea3a-GMP]
  ignore line: []
  ignore line: [GGC heuristics: --param ggc-min-expand=100 --param ggc-min-heapsize=131072]
  ignore line: [ignoring duplicate directory "/opt/gcc-arm-none-eabi/arm-gnu-toolchain-14.2.rel1-x86_64-arm-none-eabi/bin/../lib/gcc/../../lib/gcc/arm-none-eabi/14.2.1/../../../../arm-none-eabi/include/c++/14.2.1"]
  ignore line: [ignoring duplicate directory "/opt/gcc-arm-none-eabi/arm-gnu-toolchain-14.2.rel1-x86_64-arm-none-eabi/bin/../lib/gcc/../../lib/gcc/arm-none-eabi/14.2.1/../../../../arm-none-eabi/include/c++/14.2.1/arm-none-eabi/thumb/v7e-m/nofp"]
  ignore line: [ignoring duplicate directory "/opt/gcc-arm-none-eabi/arm-gnu-toolchain-14.2.rel1-x86_64-arm-none-eabi/bin/../lib/gcc/../../lib/gcc/arm-none-eabi/14.2.1/../../../../arm-none-eabi/include/c++/14.2.1/backward"]
  ignore line: [ignoring duplicate directory "/opt/gcc-arm-none-eabi/arm-gnu-toolchain-14.2.rel1-x86_64-arm-none-eabi/bin/../lib/gcc/../../lib/gcc/arm-none-eabi/14.2.1/include"]
  ignore line: [ignoring nonexistent directory "/opt/gcc-arm-none-eabi/arm-gnu-toolchain-14.2.rel1-x86_64-arm-none-eabi/bin/../arm-none-eabi/usr/local/include"]
  ignore line: [ignoring duplicate directory "/opt/gcc-arm-none-eabi/arm-gnu-toolchain-14.2.rel1-x86_64-arm-none-eabi/bin/../lib/gcc/../../lib/gcc/arm-none-eabi/14.2.1/include-fixed"]
  ignore line: [ignoring duplicate directory "/opt/gcc-arm-none-eabi/arm-gnu-toolchain-14.2.rel1-x86_64-arm-none-eabi/bin/../lib/gcc/../../lib/gcc/arm-none-eabi/14.2.1/../../../../arm-none-eabi/include"]
  ignore line: [ignoring duplicate directory "/opt/gcc-arm-none-eabi/arm-gnu-toolchain-14.2.rel1-x86_64-arm-none-eabi/bin/../arm-none-eabi/include"]
  ignore line: [#include "..." search starts here:]
  ignore line: [#include <...> search starts here:]
  ignore line: [ /opt/gcc-arm-none-eabi/arm-gnu-toolchain-14.2.rel1-x86_64-arm-none-eabi/bin/../lib/gcc/arm-none-eabi/14.2.1/../../../../arm-none-eabi/include/c++/14.2.1]
  ignore line: [ /opt/gcc-arm-none-eabi/arm-gnu-toolchain-14.2.rel1-x86_64-arm-none-eabi/bin/../lib/gcc/arm-none-eabi/14.2.1/../../../../arm-none-eabi/include/c++/14.2.1/arm-none-eabi/thumb/v7e-m/nofp]
  ignore line: [ /opt/gcc-arm-none-eabi/arm-gnu-toolchain-14.2.rel1-x86_64-arm-none-eabi/bin/../lib/gcc/arm-none-eabi/14.2.1/../../../../arm-none-eabi/include/c++/14.2.1/backward]
  ignore line: [ /opt/gcc-arm-none-eabi/arm-gnu-toolchain-14.2.rel1-x86_64-arm-none-eabi/bin/../lib/gcc/arm-none-eabi/14.2.1/include]
  ignore line: [ /opt/gcc-arm-none-eabi/arm-gnu-toolchain-14.2.rel1-x86_64-arm-none-eabi/bin/../lib/gcc/arm-none-eabi/14.2.1/include-fixed]
  ignore line: [ /opt/gcc-arm-none-eabi/arm-gnu-toolchain-14.2.rel1-x86_64-arm-none-eabi/bin/../lib/gcc/arm-none-eabi/14.2.1/../../../../arm-none-eabi/include]
  ignore line: [End of search list.]
  ignore line: [Compiler executable checksum: 761a3593099dc796ffc611563edb6c2e]
  ignore line: [COLLECT_GCC_OPTIONS='-mcpu=cortex-m7' '-mthumb' '-ffreestanding' '-fno-builtin' '-D' 'STM32H743xx' '-D' 'USE_HAL_DRIVER' '-O0' '-v' '-std=gnu++11' '-o' 'CMakeFiles/cmTC_b6304.dir/CMakeCXXCompilerABI.cpp.obj' '-c' '-mfloat-abi=soft' '-mlibarch=armv7e-m' '-march=armv7e-m' '-dumpdir' 'CMakeFiles/cmTC_b6304.dir/']
  ignore line: [ /opt/gcc-arm-none-eabi/arm-gnu-toolchain-14.2.rel1-x86_64-arm-none-eabi/bin/../lib/gcc/arm-none-eabi/14.2.1/../../../../arm-none-eabi/bin/as -v -march=armv7e-m -mfloat-abi=soft -meabi=5 -o CMakeFiles/cmTC_b6304.dir/CMakeCXXCompilerABI.cpp.obj /tmp/ccL7Xiyt.s]
  ignore line: [GNU assembler version 2.43.1 (arm-none-eabi) using BFD version (Arm GNU Toolchain 14.2.Rel1 (Build arm-14.52)) 2.43.1.20241119]
  ignore line: [COMPILER_PATH=/opt/gcc-arm-none-eabi/arm-gnu-toolchain-14.2.rel1-x86_64-arm-none-eabi/bin/../libexec/gcc/arm-none-eabi/14.2.1/:/opt/gcc-arm-none-eabi/arm-gnu-toolchain-14.2.rel1-x86_64-arm-none-eabi/bin/../libexec/gcc/:/opt/gcc-arm-none-eabi/arm-gnu-toolchain-14.2.rel1-x86_64-arm-none-eabi/bin/../lib/gcc/arm-none-eabi/14.2.1/../../../../arm-none-eabi/bin/]
  ignore line: [LIBRARY_PATH=/opt/gcc-arm-none-eabi/arm-gnu-toolchain-14.2.rel1-x86_64-arm-none-eabi/bin/../lib/gcc/arm-none-eabi/14.2.1/thumb/v7e-m/nofp/:/opt/gcc-arm-none-eabi/arm-gnu-toolchain-14.2.rel1-x86_64-arm-none-eabi/bin/../lib/gcc/arm-none-eabi/14.2.1/../../../../arm-none-eabi/lib/thumb/v7e-m/nofp/:/opt/gcc-arm-none-eabi/arm-gnu-toolchain-14.2.rel1-x86_64-arm-none-eabi/bin/../arm-none-eabi/lib/thumb/v7e-m/nofp/:/opt/gcc-arm-none-eabi/arm-gnu-toolchain-14.2.rel1-x86_64-arm-none-eabi/bin/../lib/gcc/arm-none-eabi/14.2.1/:/opt/gcc-arm-none-eabi/arm-gnu-toolchain-14.2.rel1-x86_64-arm-none-eabi/bin/../lib/gcc/:/opt/gcc-arm-none-eabi/arm-gnu-toolchain-14.2.rel1-x86_64-arm-none-eabi/bin/../lib/gcc/arm-none-eabi/14.2.1/../../../../arm-none-eabi/lib/:/opt/gcc-arm-none-eabi/arm-gnu-toolchain-14.2.rel1-x86_64-arm-none-eabi/bin/../arm-none-eabi/lib/]
  ignore line: [COLLECT_GCC_OPTIONS='-mcpu=cortex-m7' '-mthumb' '-ffreestanding' '-fno-builtin' '-D' 'STM32H743xx' '-D' 'USE_HAL_DRIVER' '-O0' '-v' '-std=gnu++11' '-o' 'CMakeFiles/cmTC_b6304.dir/CMakeCXXCompilerABI.cpp.obj' '-c' '-mfloat-abi=soft' '-mlibarch=armv7e-m' '-march=armv7e-m' '-dumpdir' 'CMakeFiles/cmTC_b6304.dir/CMakeCXXCompilerABI.cpp.']
  ignore line: [Linking CXX static library libcmTC_b6304.a]
  ignore line: [/usr/bin/cmake -P CMakeFiles/cmTC_b6304.dir/cmake_clean_target.cmake]
  ignore line: [/usr/bin/cmake -E cmake_link_script CMakeFiles/cmTC_b6304.dir/link.txt --verbose=1]
  ignore line: [/opt/gcc-arm-none-eabi/arm-gnu-toolchain-14.2.rel1-x86_64-arm-none-eabi/bin/arm-none-eabi-ar qc libcmTC_b6304.a CMakeFiles/cmTC_b6304.dir/CMakeCXXCompilerABI.cpp.obj]
  ignore line: [/opt/gcc-arm-none-eabi/arm-gnu-toolchain-14.2.rel1-x86_64-arm-none-eabi/bin/arm-none-eabi-ranlib libcmTC_b6304.a]
  ignore line: [gmake[1]: Leaving directory '/workspace/LED/build/CMakeFiles/CMakeTmp']
  ignore line: []
  ignore line: []
  implicit libs: []
  implicit objs: []
  implicit dirs: []
  implicit fwks: []


